{"/Users/hrichasse/Documents/Workspace/Petlink-Monorepo/apps/auth/src/modules/users/controllers/signup.controller.ts": {"path":"/Users/hrichasse/Documents/Workspace/Petlink-Monorepo/apps/auth/src/modules/users/controllers/signup.controller.ts","statementMap":{"0":{"start":{"line":2,"column":0},"end":{"line":2,"column":24}},"1":{"start":{"line":3,"column":0},"end":{"line":3,"column":76}},"2":{"start":{"line":4,"column":0},"end":{"line":4,"column":63}},"3":{"start":{"line":5,"column":0},"end":{"line":5,"column":64}},"4":{"start":{"line":6,"column":0},"end":{"line":6,"column":101}},"5":{"start":{"line":8,"column":21},"end":{"line":15,"column":11}},"6":{"start":{"line":24,"column":32},"end":{"line":102,"column":1}},"7":{"start":{"line":26,"column":2},"end":{"line":33,"column":3}},"8":{"start":{"line":27,"column":4},"end":{"line":27,"column":32}},"9":{"start":{"line":29,"column":4},"end":{"line":32,"column":7}},"10":{"start":{"line":35,"column":17},"end":{"line":35,"column":45}},"11":{"start":{"line":36,"column":2},"end":{"line":42,"column":3}},"12":{"start":{"line":37,"column":4},"end":{"line":41,"column":7}},"13":{"start":{"line":44,"column":46},"end":{"line":44,"column":57}},"14":{"start":{"line":46,"column":22},"end":{"line":46,"column":46}},"15":{"start":{"line":49,"column":56},"end":{"line":54,"column":4}},"16":{"start":{"line":56,"column":2},"end":{"line":67,"column":3}},"17":{"start":{"line":59,"column":6},"end":{"line":61,"column":41}},"18":{"start":{"line":63,"column":4},"end":{"line":66,"column":7}},"19":{"start":{"line":69,"column":21},"end":{"line":69,"column":44}},"20":{"start":{"line":72,"column":21},"end":{"line":72,"column":40}},"21":{"start":{"line":73,"column":51},"end":{"line":76,"column":4}},"22":{"start":{"line":78,"column":2},"end":{"line":85,"column":3}},"23":{"start":{"line":80,"column":4},"end":{"line":80,"column":56}},"24":{"start":{"line":81,"column":4},"end":{"line":84,"column":7}},"25":{"start":{"line":88,"column":19},"end":{"line":88,"column":69}},"26":{"start":{"line":89,"column":18},"end":{"line":89,"column":92}},"27":{"start":{"line":90,"column":16},"end":{"line":90,"column":25}},"28":{"start":{"line":92,"column":23},"end":{"line":97,"column":4}},"29":{"start":{"line":99,"column":2},"end":{"line":101,"column":43}},"30":{"start":{"line":24,"column":13},"end":{"line":24,"column":32}}},"fnMap":{"0":{"name":"(anonymous_0)","decl":{"start":{"line":24,"column":32},"end":{"line":24,"column":37}},"loc":{"start":{"line":24,"column":86},"end":{"line":102,"column":1}}}},"branchMap":{"0":{"loc":{"start":{"line":36,"column":2},"end":{"line":42,"column":3}},"type":"if","locations":[{"start":{"line":36,"column":2},"end":{"line":42,"column":3}}]},"1":{"loc":{"start":{"line":56,"column":2},"end":{"line":67,"column":3}},"type":"if","locations":[{"start":{"line":56,"column":2},"end":{"line":67,"column":3}}]},"2":{"loc":{"start":{"line":59,"column":6},"end":{"line":61,"column":41}},"type":"binary-expr","locations":[{"start":{"line":59,"column":6},"end":{"line":59,"column":59}},{"start":{"line":60,"column":6},"end":{"line":60,"column":62}},{"start":{"line":61,"column":6},"end":{"line":61,"column":41}}]},"3":{"loc":{"start":{"line":63,"column":23},"end":{"line":63,"column":92}},"type":"cond-expr","locations":[{"start":{"line":63,"column":37},"end":{"line":63,"column":70}},{"start":{"line":63,"column":73},"end":{"line":63,"column":92}}]},"4":{"loc":{"start":{"line":64,"column":18},"end":{"line":64,"column":78}},"type":"cond-expr","locations":[{"start":{"line":64,"column":32},"end":{"line":64,"column":52}},{"start":{"line":64,"column":55},"end":{"line":64,"column":78}}]},"5":{"loc":{"start":{"line":65,"column":12},"end":{"line":65,"column":77}},"type":"cond-expr","locations":[{"start":{"line":65,"column":26},"end":{"line":65,"column":46}},{"start":{"line":65,"column":49},"end":{"line":65,"column":77}}]},"6":{"loc":{"start":{"line":78,"column":2},"end":{"line":85,"column":3}},"type":"if","locations":[{"start":{"line":78,"column":2},"end":{"line":85,"column":3}}]},"7":{"loc":{"start":{"line":78,"column":6},"end":{"line":78,"column":40}},"type":"binary-expr","locations":[{"start":{"line":78,"column":6},"end":{"line":78,"column":17}},{"start":{"line":78,"column":21},"end":{"line":78,"column":40}}]},"8":{"loc":{"start":{"line":89,"column":18},"end":{"line":89,"column":92}},"type":"binary-expr","locations":[{"start":{"line":89,"column":18},"end":{"line":89,"column":26}},{"start":{"line":89,"column":31},"end":{"line":89,"column":91}}]},"9":{"loc":{"start":{"line":99,"column":9},"end":{"line":101,"column":42}},"type":"cond-expr","locations":[{"start":{"line":100,"column":6},"end":{"line":100,"column":71}},{"start":{"line":101,"column":6},"end":{"line":101,"column":42}}]}},"s":{"0":1,"1":1,"2":1,"3":1,"4":1,"5":1,"6":1,"7":7,"8":7,"9":1,"10":6,"11":6,"12":3,"13":3,"14":3,"15":3,"16":3,"17":2,"18":2,"19":1,"20":1,"21":1,"22":1,"23":0,"24":0,"25":1,"26":1,"27":1,"28":1,"29":1,"30":1},"f":{"0":7},"b":{"0":[3],"1":[2],"2":[2,1,1],"3":[1,1],"4":[1,1],"5":[1,1],"6":[0],"7":[1,1],"8":[1,1],"9":[1,0]}}
,"/Users/hrichasse/Documents/Workspace/Petlink-Monorepo/apps/auth/src/modules/users/repositories/index.ts": {"path":"/Users/hrichasse/Documents/Workspace/Petlink-Monorepo/apps/auth/src/modules/users/repositories/index.ts","statementMap":{"0":{"start":{"line":1,"column":0},"end":{"line":1,"column":62}}},"fnMap":{},"branchMap":{},"s":{"0":1},"f":{},"b":{}}
,"/Users/hrichasse/Documents/Workspace/Petlink-Monorepo/apps/auth/src/modules/users/services/users.service.ts": {"path":"/Users/hrichasse/Documents/Workspace/Petlink-Monorepo/apps/auth/src/modules/users/services/users.service.ts","statementMap":{"0":{"start":{"line":2,"column":0},"end":{"line":2,"column":63}},"1":{"start":{"line":4,"column":0},"end":{"line":4,"column":48}},"2":{"start":{"line":6,"column":39},"end":{"line":6,"column":64}},"3":{"start":{"line":8,"column":13},"end":{"line":64,"column":2}},"4":{"start":{"line":18,"column":21},"end":{"line":18,"column":71}},"5":{"start":{"line":19,"column":4},"end":{"line":21,"column":5}},"6":{"start":{"line":20,"column":6},"end":{"line":20,"column":49}},"7":{"start":{"line":22,"column":20},"end":{"line":22,"column":69}},"8":{"start":{"line":23,"column":4},"end":{"line":23,"column":36}},"9":{"start":{"line":27,"column":20},"end":{"line":27,"column":70}},"10":{"start":{"line":29,"column":4},"end":{"line":31,"column":5}},"11":{"start":{"line":30,"column":6},"end":{"line":30,"column":62}},"12":{"start":{"line":33,"column":4},"end":{"line":33,"column":19}},"13":{"start":{"line":37,"column":24},"end":{"line":37,"column":82}},"14":{"start":{"line":38,"column":4},"end":{"line":38,"column":19}},"15":{"start":{"line":42,"column":4},"end":{"line":42,"column":59}},"16":{"start":{"line":44,"column":4},"end":{"line":44,"column":67}},"17":{"start":{"line":52,"column":4},"end":{"line":52,"column":77}},"18":{"start":{"line":56,"column":20},"end":{"line":56,"column":54}},"19":{"start":{"line":58,"column":4},"end":{"line":60,"column":5}},"20":{"start":{"line":59,"column":6},"end":{"line":59,"column":62}},"21":{"start":{"line":62,"column":4},"end":{"line":62,"column":19}}},"fnMap":{"0":{"name":"(anonymous_0)","decl":{"start":{"line":14,"column":22},"end":{"line":14,"column":27}},"loc":{"start":{"line":17,"column":62},"end":{"line":24,"column":3}}},"1":{"name":"(anonymous_1)","decl":{"start":{"line":26,"column":27},"end":{"line":26,"column":32}},"loc":{"start":{"line":26,"column":83},"end":{"line":34,"column":3}}},"2":{"name":"(anonymous_2)","decl":{"start":{"line":36,"column":30},"end":{"line":36,"column":35}},"loc":{"start":{"line":36,"column":117},"end":{"line":39,"column":3}}},"3":{"name":"(anonymous_3)","decl":{"start":{"line":41,"column":30},"end":{"line":41,"column":35}},"loc":{"start":{"line":41,"column":117},"end":{"line":45,"column":3}}},"4":{"name":"(anonymous_4)","decl":{"start":{"line":47,"column":30},"end":{"line":47,"column":35}},"loc":{"start":{"line":51,"column":33},"end":{"line":53,"column":3}}},"5":{"name":"(anonymous_5)","decl":{"start":{"line":55,"column":18},"end":{"line":55,"column":23}},"loc":{"start":{"line":55,"column":66},"end":{"line":63,"column":3}}}},"branchMap":{"0":{"loc":{"start":{"line":19,"column":4},"end":{"line":21,"column":5}},"type":"if","locations":[{"start":{"line":19,"column":4},"end":{"line":21,"column":5}}]},"1":{"loc":{"start":{"line":29,"column":4},"end":{"line":31,"column":5}},"type":"if","locations":[{"start":{"line":29,"column":4},"end":{"line":31,"column":5}}]},"2":{"loc":{"start":{"line":58,"column":4},"end":{"line":60,"column":5}},"type":"if","locations":[{"start":{"line":58,"column":4},"end":{"line":60,"column":5}}]}},"s":{"0":1,"1":1,"2":1,"3":1,"4":2,"5":2,"6":1,"7":1,"8":1,"9":5,"10":5,"11":3,"12":2,"13":0,"14":0,"15":2,"16":1,"17":0,"18":0,"19":0,"20":0,"21":0},"f":{"0":2,"1":5,"2":0,"3":2,"4":0,"5":0},"b":{"0":[1],"1":[3],"2":[0]}}
,"/Users/hrichasse/Documents/Workspace/Petlink-Monorepo/apps/marketplace/src/modules/subscriptions/config/plans.ts": {"path":"/Users/hrichasse/Documents/Workspace/Petlink-Monorepo/apps/marketplace/src/modules/subscriptions/config/plans.ts","statementMap":{"0":{"start":{"line":3,"column":13},"end":{"line":3,"column":85}},"1":{"start":{"line":5,"column":75},"end":{"line":30,"column":2}},"2":{"start":{"line":32,"column":37},"end":{"line":34,"column":1}},"3":{"start":{"line":33,"column":2},"end":{"line":33,"column":43}},"4":{"start":{"line":32,"column":13},"end":{"line":32,"column":37}},"5":{"start":{"line":36,"column":41},"end":{"line":38,"column":1}},"6":{"start":{"line":37,"column":2},"end":{"line":37,"column":58}},"7":{"start":{"line":36,"column":13},"end":{"line":36,"column":41}}},"fnMap":{"0":{"name":"(anonymous_0)","decl":{"start":{"line":32,"column":37},"end":{"line":32,"column":60}},"loc":{"start":{"line":32,"column":62},"end":{"line":34,"column":1}}},"1":{"name":"(anonymous_1)","decl":{"start":{"line":36,"column":41},"end":{"line":36,"column":42}},"loc":{"start":{"line":36,"column":88},"end":{"line":38,"column":1}}}},"branchMap":{},"s":{"0":2,"1":2,"2":2,"3":3,"4":2,"5":2,"6":10,"7":2},"f":{"0":3,"1":10},"b":{}}
,"/Users/hrichasse/Documents/Workspace/Petlink-Monorepo/apps/marketplace/src/modules/subscriptions/repositories/index.ts": {"path":"/Users/hrichasse/Documents/Workspace/Petlink-Monorepo/apps/marketplace/src/modules/subscriptions/repositories/index.ts","statementMap":{"0":{"start":{"line":1,"column":0},"end":{"line":1,"column":78}}},"fnMap":{},"branchMap":{},"s":{"0":1},"f":{},"b":{}}
,"/Users/hrichasse/Documents/Workspace/Petlink-Monorepo/apps/marketplace/src/modules/subscriptions/services/subscriptions.service.ts": {"path":"/Users/hrichasse/Documents/Workspace/Petlink-Monorepo/apps/marketplace/src/modules/subscriptions/services/subscriptions.service.ts","statementMap":{"0":{"start":{"line":1,"column":0},"end":{"line":1,"column":60}},"1":{"start":{"line":4,"column":0},"end":{"line":4,"column":81}},"2":{"start":{"line":6,"column":0},"end":{"line":6,"column":79}},"3":{"start":{"line":8,"column":0},"end":{"line":8,"column":46}},"4":{"start":{"line":9,"column":0},"end":{"line":9,"column":43}},"5":{"start":{"line":10,"column":0},"end":{"line":10,"column":46}},"6":{"start":{"line":11,"column":0},"end":{"line":11,"column":48}},"7":{"start":{"line":13,"column":16},"end":{"line":17,"column":1}},"8":{"start":{"line":14,"column":19},"end":{"line":14,"column":33}},"9":{"start":{"line":15,"column":2},"end":{"line":15,"column":52}},"10":{"start":{"line":16,"column":2},"end":{"line":16,"column":18}},"11":{"start":{"line":19,"column":27},"end":{"line":33,"column":1}},"12":{"start":{"line":20,"column":15},"end":{"line":20,"column":50}},"13":{"start":{"line":22,"column":2},"end":{"line":30,"column":3}},"14":{"start":{"line":23,"column":4},"end":{"line":29,"column":7}},"15":{"start":{"line":32,"column":2},"end":{"line":32,"column":14}},"16":{"start":{"line":35,"column":46},"end":{"line":53,"column":1}},"17":{"start":{"line":36,"column":29},"end":{"line":36,"column":89}},"18":{"start":{"line":38,"column":2},"end":{"line":40,"column":3}},"19":{"start":{"line":39,"column":4},"end":{"line":39,"column":11}},"20":{"start":{"line":42,"column":2},"end":{"line":47,"column":3}},"21":{"start":{"line":43,"column":4},"end":{"line":46,"column":7}},"22":{"start":{"line":49,"column":2},"end":{"line":52,"column":5}},"23":{"start":{"line":55,"column":13},"end":{"line":154,"column":2}},"24":{"start":{"line":57,"column":4},"end":{"line":57,"column":41}},"25":{"start":{"line":58,"column":4},"end":{"line":58,"column":78}},"26":{"start":{"line":60,"column":28},"end":{"line":60,"column":118}},"27":{"start":{"line":62,"column":4},"end":{"line":67,"column":5}},"28":{"start":{"line":63,"column":6},"end":{"line":66,"column":9}},"29":{"start":{"line":69,"column":4},"end":{"line":69,"column":63}},"30":{"start":{"line":76,"column":17},"end":{"line":76,"column":53}},"31":{"start":{"line":77,"column":33},"end":{"line":77,"column":125}},"32":{"start":{"line":79,"column":4},"end":{"line":81,"column":5}},"33":{"start":{"line":80,"column":6},"end":{"line":80,"column":34}},"34":{"start":{"line":83,"column":31},"end":{"line":83,"column":91}},"35":{"start":{"line":85,"column":4},"end":{"line":90,"column":5}},"36":{"start":{"line":86,"column":6},"end":{"line":89,"column":9}},"37":{"start":{"line":92,"column":4},"end":{"line":92,"column":63}},"38":{"start":{"line":96,"column":25},"end":{"line":96,"column":85}},"39":{"start":{"line":97,"column":4},"end":{"line":97,"column":24}},"40":{"start":{"line":101,"column":25},"end":{"line":101,"column":98}},"41":{"start":{"line":103,"column":4},"end":{"line":105,"column":5}},"42":{"start":{"line":104,"column":6},"end":{"line":104,"column":57}},"43":{"start":{"line":107,"column":4},"end":{"line":112,"column":5}},"44":{"start":{"line":108,"column":6},"end":{"line":111,"column":9}},"45":{"start":{"line":114,"column":49},"end":{"line":117,"column":6}},"46":{"start":{"line":119,"column":4},"end":{"line":121,"column":5}},"47":{"start":{"line":120,"column":6},"end":{"line":120,"column":32}},"48":{"start":{"line":123,"column":4},"end":{"line":123,"column":69}},"49":{"start":{"line":127,"column":4},"end":{"line":132,"column":5}},"50":{"start":{"line":128,"column":6},"end":{"line":131,"column":9}},"51":{"start":{"line":134,"column":25},"end":{"line":134,"column":87}},"52":{"start":{"line":136,"column":4},"end":{"line":138,"column":5}},"53":{"start":{"line":137,"column":6},"end":{"line":137,"column":69}},"54":{"start":{"line":140,"column":17},"end":{"line":140,"column":58}},"55":{"start":{"line":141,"column":16},"end":{"line":141,"column":26}},"56":{"start":{"line":143,"column":6},"end":{"line":145,"column":13}},"57":{"start":{"line":147,"column":4},"end":{"line":152,"column":7}}},"fnMap":{"0":{"name":"(anonymous_0)","decl":{"start":{"line":13,"column":16},"end":{"line":13,"column":17}},"loc":{"start":{"line":13,"column":51},"end":{"line":17,"column":1}}},"1":{"name":"(anonymous_1)","decl":{"start":{"line":19,"column":27},"end":{"line":19,"column":28}},"loc":{"start":{"line":19,"column":48},"end":{"line":33,"column":1}}},"2":{"name":"(anonymous_2)","decl":{"start":{"line":35,"column":46},"end":{"line":35,"column":51}},"loc":{"start":{"line":35,"column":108},"end":{"line":53,"column":1}}},"3":{"name":"(anonymous_3)","decl":{"start":{"line":56,"column":22},"end":{"line":56,"column":27}},"loc":{"start":{"line":56,"column":111},"end":{"line":70,"column":3}}},"4":{"name":"(anonymous_4)","decl":{"start":{"line":72,"column":40},"end":{"line":72,"column":45}},"loc":{"start":{"line":75,"column":34},"end":{"line":93,"column":3}}},"5":{"name":"(anonymous_5)","decl":{"start":{"line":95,"column":27},"end":{"line":95,"column":32}},"loc":{"start":{"line":95,"column":91},"end":{"line":98,"column":3}}},"6":{"name":"(anonymous_6)","decl":{"start":{"line":100,"column":29},"end":{"line":100,"column":34}},"loc":{"start":{"line":100,"column":110},"end":{"line":124,"column":3}}},"7":{"name":"(anonymous_7)","decl":{"start":{"line":126,"column":52},"end":{"line":126,"column":57}},"loc":{"start":{"line":126,"column":112},"end":{"line":153,"column":3}}}},"branchMap":{"0":{"loc":{"start":{"line":22,"column":2},"end":{"line":30,"column":3}},"type":"if","locations":[{"start":{"line":22,"column":2},"end":{"line":30,"column":3}}]},"1":{"loc":{"start":{"line":38,"column":2},"end":{"line":40,"column":3}},"type":"if","locations":[{"start":{"line":38,"column":2},"end":{"line":40,"column":3}}]},"2":{"loc":{"start":{"line":42,"column":2},"end":{"line":47,"column":3}},"type":"if","locations":[{"start":{"line":42,"column":2},"end":{"line":47,"column":3}}]},"3":{"loc":{"start":{"line":62,"column":4},"end":{"line":67,"column":5}},"type":"if","locations":[{"start":{"line":62,"column":4},"end":{"line":67,"column":5}}]},"4":{"loc":{"start":{"line":79,"column":4},"end":{"line":81,"column":5}},"type":"if","locations":[{"start":{"line":79,"column":4},"end":{"line":81,"column":5}}]},"5":{"loc":{"start":{"line":85,"column":4},"end":{"line":90,"column":5}},"type":"if","locations":[{"start":{"line":85,"column":4},"end":{"line":90,"column":5}}]},"6":{"loc":{"start":{"line":85,"column":8},"end":{"line":85,"column":71}},"type":"binary-expr","locations":[{"start":{"line":85,"column":8},"end":{"line":85,"column":26}},{"start":{"line":85,"column":30},"end":{"line":85,"column":71}}]},"7":{"loc":{"start":{"line":103,"column":4},"end":{"line":105,"column":5}},"type":"if","locations":[{"start":{"line":103,"column":4},"end":{"line":105,"column":5}}]},"8":{"loc":{"start":{"line":107,"column":4},"end":{"line":112,"column":5}},"type":"if","locations":[{"start":{"line":107,"column":4},"end":{"line":112,"column":5}}]},"9":{"loc":{"start":{"line":107,"column":8},"end":{"line":107,"column":114}},"type":"binary-expr","locations":[{"start":{"line":107,"column":8},"end":{"line":107,"column":60}},{"start":{"line":107,"column":64},"end":{"line":107,"column":114}}]},"10":{"loc":{"start":{"line":119,"column":4},"end":{"line":121,"column":5}},"type":"if","locations":[{"start":{"line":119,"column":4},"end":{"line":121,"column":5}}]},"11":{"loc":{"start":{"line":127,"column":4},"end":{"line":132,"column":5}},"type":"if","locations":[{"start":{"line":127,"column":4},"end":{"line":132,"column":5}}]},"12":{"loc":{"start":{"line":136,"column":4},"end":{"line":138,"column":5}},"type":"if","locations":[{"start":{"line":136,"column":4},"end":{"line":138,"column":5}}]},"13":{"loc":{"start":{"line":143,"column":6},"end":{"line":145,"column":13}},"type":"cond-expr","locations":[{"start":{"line":144,"column":10},"end":{"line":144,"column":30}},{"start":{"line":145,"column":10},"end":{"line":145,"column":13}}]},"14":{"loc":{"start":{"line":143,"column":6},"end":{"line":143,"column":129}},"type":"binary-expr","locations":[{"start":{"line":143,"column":6},"end":{"line":143,"column":55}},{"start":{"line":143,"column":59},"end":{"line":143,"column":79}},{"start":{"line":143,"column":83},"end":{"line":143,"column":129}}]},"15":{"loc":{"start":{"line":150,"column":17},"end":{"line":150,"column":46}},"type":"binary-expr","locations":[{"start":{"line":150,"column":17},"end":{"line":150,"column":39}},{"start":{"line":150,"column":43},"end":{"line":150,"column":46}}]}},"s":{"0":1,"1":1,"2":1,"3":1,"4":1,"5":1,"6":1,"7":1,"8":0,"9":0,"10":0,"11":1,"12":5,"13":5,"14":1,"15":4,"16":1,"17":4,"18":4,"19":2,"20":2,"21":1,"22":1,"23":1,"24":5,"25":4,"26":2,"27":2,"28":1,"29":1,"30":0,"31":0,"32":0,"33":0,"34":0,"35":0,"36":0,"37":0,"38":2,"39":2,"40":0,"41":0,"42":0,"43":0,"44":0,"45":0,"46":0,"47":0,"48":0,"49":0,"50":0,"51":0,"52":0,"53":0,"54":0,"55":0,"56":0,"57":0},"f":{"0":0,"1":5,"2":4,"3":5,"4":0,"5":2,"6":0,"7":0},"b":{"0":[1],"1":[2],"2":[1],"3":[1],"4":[0],"5":[0],"6":[0,0],"7":[0],"8":[0],"9":[0,0],"10":[0],"11":[0],"12":[0],"13":[0,0],"14":[0,0,0],"15":[0,0]}}
,"/Users/hrichasse/Documents/Workspace/Petlink-Monorepo/apps/web/src/contexts/AuthContext.tsx": {"path":"/Users/hrichasse/Documents/Workspace/Petlink-Monorepo/apps/web/src/contexts/AuthContext.tsx","statementMap":{"0":{"start":{"line":90,"column":0},"end":{"line":90,"column":16}},"1":{"start":{"line":223,"column":0},"end":{"line":223,"column":16}},"2":{"start":{"line":1,"column":0},"end":{"line":1,"column":80}},"3":{"start":{"line":2,"column":0},"end":{"line":2,"column":90}},"4":{"start":{"line":3,"column":0},"end":{"line":3,"column":44}},"5":{"start":{"line":5,"column":0},"end":{"line":5,"column":31}},"6":{"start":{"line":24,"column":20},"end":{"line":24,"column":74}},"7":{"start":{"line":27,"column":2},"end":{"line":27,"column":51}},"8":{"start":{"line":33,"column":2},"end":{"line":39,"column":3}},"9":{"start":{"line":34,"column":18},"end":{"line":34,"column":34}},"10":{"start":{"line":35,"column":4},"end":{"line":35,"column":38}},"11":{"start":{"line":35,"column":26},"end":{"line":35,"column":38}},"12":{"start":{"line":36,"column":4},"end":{"line":36,"column":90}},"13":{"start":{"line":38,"column":4},"end":{"line":38,"column":16}},"14":{"start":{"line":43,"column":2},"end":{"line":43,"column":46}},"15":{"start":{"line":47,"column":14},"end":{"line":47,"column":42}},"16":{"start":{"line":48,"column":2},"end":{"line":48,"column":25}},"17":{"start":{"line":48,"column":12},"end":{"line":48,"column":25}},"18":{"start":{"line":49,"column":2},"end":{"line":49,"column":38}},"19":{"start":{"line":52,"column":26},"end":{"line":52,"column":46}},"20":{"start":{"line":53,"column":29},"end":{"line":53,"column":42}},"21":{"start":{"line":56,"column":2},"end":{"line":64,"column":3}},"22":{"start":{"line":57,"column":16},"end":{"line":57,"column":55}},"23":{"start":{"line":58,"column":4},"end":{"line":58,"column":26}},"24":{"start":{"line":58,"column":14},"end":{"line":58,"column":26}},"25":{"start":{"line":59,"column":19},"end":{"line":59,"column":70}},"26":{"start":{"line":60,"column":4},"end":{"line":60,"column":67}},"27":{"start":{"line":60,"column":55},"end":{"line":60,"column":67}},"28":{"start":{"line":61,"column":4},"end":{"line":61,"column":26}},"29":{"start":{"line":63,"column":4},"end":{"line":63,"column":16}},"30":{"start":{"line":68,"column":2},"end":{"line":68,"column":127}},"31":{"start":{"line":68,"column":8},"end":{"line":68,"column":96}},"32":{"start":{"line":72,"column":2},"end":{"line":72,"column":74}},"33":{"start":{"line":72,"column":8},"end":{"line":72,"column":51}},"34":{"start":{"line":76,"column":18},"end":{"line":76,"column":41}},"35":{"start":{"line":77,"column":2},"end":{"line":77,"column":33}},"36":{"start":{"line":77,"column":21},"end":{"line":77,"column":33}},"37":{"start":{"line":79,"column":2},"end":{"line":87,"column":4}},"38":{"start":{"line":91,"column":32},"end":{"line":91,"column":69}},"39":{"start":{"line":92,"column":32},"end":{"line":92,"column":62}},"40":{"start":{"line":93,"column":31},"end":{"line":93,"column":54}},"41":{"start":{"line":94,"column":32},"end":{"line":94,"column":46}},"42":{"start":{"line":97,"column":4},"end":{"line":97,"column":22}},"43":{"start":{"line":98,"column":4},"end":{"line":98,"column":25}},"44":{"start":{"line":99,"column":4},"end":{"line":99,"column":21}},"45":{"start":{"line":100,"column":4},"end":{"line":100,"column":21}},"46":{"start":{"line":101,"column":4},"end":{"line":101,"column":26}},"47":{"start":{"line":105,"column":4},"end":{"line":122,"column":5}},"48":{"start":{"line":106,"column":17},"end":{"line":106,"column":38}},"49":{"start":{"line":107,"column":6},"end":{"line":107,"column":80}},"50":{"start":{"line":107,"column":28},"end":{"line":107,"column":80}},"51":{"start":{"line":108,"column":6},"end":{"line":108,"column":27}},"52":{"start":{"line":109,"column":6},"end":{"line":109,"column":21}},"53":{"start":{"line":110,"column":6},"end":{"line":110,"column":28}},"54":{"start":{"line":111,"column":6},"end":{"line":111,"column":16}},"55":{"start":{"line":113,"column":6},"end":{"line":116,"column":7}},"56":{"start":{"line":114,"column":8},"end":{"line":114,"column":29}},"57":{"start":{"line":115,"column":8},"end":{"line":115,"column":20}},"58":{"start":{"line":117,"column":6},"end":{"line":119,"column":7}},"59":{"start":{"line":118,"column":8},"end":{"line":118,"column":20}},"60":{"start":{"line":120,"column":6},"end":{"line":120,"column":90}},"61":{"start":{"line":121,"column":6},"end":{"line":121,"column":18}},"62":{"start":{"line":126,"column":21},"end":{"line":126,"column":138}},"63":{"start":{"line":127,"column":4},"end":{"line":131,"column":5}},"64":{"start":{"line":128,"column":6},"end":{"line":128,"column":89}},"65":{"start":{"line":130,"column":6},"end":{"line":130,"column":40}},"66":{"start":{"line":130,"column":28},"end":{"line":130,"column":40}},"67":{"start":{"line":133,"column":15},"end":{"line":133,"column":64}},"68":{"start":{"line":134,"column":4},"end":{"line":140,"column":5}},"69":{"start":{"line":135,"column":6},"end":{"line":135,"column":34}},"70":{"start":{"line":135,"column":27},"end":{"line":135,"column":34}},"71":{"start":{"line":136,"column":6},"end":{"line":136,"column":24}},"72":{"start":{"line":137,"column":6},"end":{"line":137,"column":23}},"73":{"start":{"line":138,"column":6},"end":{"line":138,"column":23}},"74":{"start":{"line":139,"column":6},"end":{"line":139,"column":54}},"75":{"start":{"line":143,"column":2},"end":{"line":185,"column":9}},"76":{"start":{"line":144,"column":4},"end":{"line":184,"column":9}},"77":{"start":{"line":144,"column":21},"end":{"line":184,"column":6}},"78":{"start":{"line":145,"column":18},"end":{"line":145,"column":40}},"79":{"start":{"line":146,"column":6},"end":{"line":148,"column":7}},"80":{"start":{"line":147,"column":8},"end":{"line":147,"column":43}},"81":{"start":{"line":150,"column":6},"end":{"line":152,"column":7}},"82":{"start":{"line":151,"column":8},"end":{"line":151,"column":43}},"83":{"start":{"line":154,"column":6},"end":{"line":158,"column":7}},"84":{"start":{"line":155,"column":8},"end":{"line":155,"column":32}},"85":{"start":{"line":156,"column":8},"end":{"line":156,"column":26}},"86":{"start":{"line":157,"column":8},"end":{"line":157,"column":15}},"87":{"start":{"line":160,"column":30},"end":{"line":160,"column":58}},"88":{"start":{"line":161,"column":6},"end":{"line":165,"column":7}},"89":{"start":{"line":162,"column":8},"end":{"line":162,"column":32}},"90":{"start":{"line":163,"column":8},"end":{"line":163,"column":26}},"91":{"start":{"line":164,"column":8},"end":{"line":164,"column":15}},"92":{"start":{"line":167,"column":6},"end":{"line":167,"column":34}},"93":{"start":{"line":169,"column":28},"end":{"line":169,"column":46}},"94":{"start":{"line":170,"column":6},"end":{"line":173,"column":7}},"95":{"start":{"line":171,"column":8},"end":{"line":171,"column":34}},"96":{"start":{"line":172,"column":8},"end":{"line":172,"column":41}},"97":{"start":{"line":175,"column":6},"end":{"line":175,"column":24}},"98":{"start":{"line":177,"column":17},"end":{"line":177,"column":81}},"99":{"start":{"line":178,"column":6},"end":{"line":183,"column":7}},"100":{"start":{"line":179,"column":29},"end":{"line":179,"column":51}},"101":{"start":{"line":180,"column":8},"end":{"line":182,"column":9}},"102":{"start":{"line":181,"column":10},"end":{"line":181,"column":34}},"103":{"start":{"line":187,"column":16},"end":{"line":218,"column":40}},"104":{"start":{"line":187,"column":48},"end":{"line":218,"column":6}},"105":{"start":{"line":194,"column":38},"end":{"line":199,"column":null}},"106":{"start":{"line":195,"column":26},"end":{"line":195,"column":66}},"107":{"start":{"line":196,"column":6},"end":{"line":196,"column":30}},"108":{"start":{"line":197,"column":6},"end":{"line":197,"column":60}},"109":{"start":{"line":198,"column":6},"end":{"line":198,"column":54}},"110":{"start":{"line":200,"column":62},"end":{"line":206,"column":null}},"111":{"start":{"line":201,"column":26},"end":{"line":201,"column":97}},"112":{"start":{"line":202,"column":6},"end":{"line":202,"column":33}},"113":{"start":{"line":203,"column":6},"end":{"line":203,"column":30}},"114":{"start":{"line":204,"column":6},"end":{"line":204,"column":60}},"115":{"start":{"line":205,"column":6},"end":{"line":205,"column":61}},"116":{"start":{"line":207,"column":35},"end":{"line":210,"column":null}},"117":{"start":{"line":208,"column":6},"end":{"line":208,"column":55}},"118":{"start":{"line":208,"column":18},"end":{"line":208,"column":55}},"119":{"start":{"line":209,"column":6},"end":{"line":209,"column":77}},"120":{"start":{"line":211,"column":33},"end":{"line":213,"column":null}},"121":{"start":{"line":212,"column":6},"end":{"line":212,"column":73}},"122":{"start":{"line":214,"column":24},"end":{"line":217,"column":null}},"123":{"start":{"line":215,"column":6},"end":{"line":215,"column":30}},"124":{"start":{"line":216,"column":6},"end":{"line":216,"column":38}},"125":{"start":{"line":220,"column":2},"end":{"line":220,"column":79}},"126":{"start":{"line":224,"column":14},"end":{"line":224,"column":37}},"127":{"start":{"line":225,"column":2},"end":{"line":225,"column":74}},"128":{"start":{"line":225,"column":12},"end":{"line":225,"column":74}},"129":{"start":{"line":226,"column":2},"end":{"line":226,"column":13}}},"fnMap":{"0":{"name":"isRole","decl":{"start":{"line":26,"column":9},"end":{"line":26,"column":15}},"loc":{"start":{"line":26,"column":30},"end":{"line":28,"column":1}}},"1":{"name":"decodeJwtPayload","decl":{"start":{"line":32,"column":9},"end":{"line":32,"column":25}},"loc":{"start":{"line":32,"column":39},"end":{"line":40,"column":1}}},"2":{"name":"getUserIdFromJwt","decl":{"start":{"line":42,"column":9},"end":{"line":42,"column":25}},"loc":{"start":{"line":42,"column":39},"end":{"line":44,"column":1}}},"3":{"name":"isJwtExpired","decl":{"start":{"line":46,"column":9},"end":{"line":46,"column":21}},"loc":{"start":{"line":46,"column":35},"end":{"line":50,"column":1}}},"4":{"name":"getCachedProfile","decl":{"start":{"line":55,"column":9},"end":{"line":55,"column":25}},"loc":{"start":{"line":55,"column":25},"end":{"line":65,"column":1}}},"5":{"name":"setCachedProfile","decl":{"start":{"line":67,"column":9},"end":{"line":67,"column":25}},"loc":{"start":{"line":67,"column":36},"end":{"line":69,"column":1}}},"6":{"name":"clearCachedProfile","decl":{"start":{"line":71,"column":9},"end":{"line":71,"column":27}},"loc":{"start":{"line":71,"column":27},"end":{"line":73,"column":1}}},"7":{"name":"buildSessionFromToken","decl":{"start":{"line":75,"column":9},"end":{"line":75,"column":30}},"loc":{"start":{"line":75,"column":44},"end":{"line":88,"column":1}}},"8":{"name":"AuthProvider","decl":{"start":{"line":90,"column":16},"end":{"line":90,"column":28}},"loc":{"start":{"line":90,"column":72},"end":{"line":221,"column":1}}},"9":{"name":"signOutSilently","decl":{"start":{"line":96,"column":17},"end":{"line":96,"column":32}},"loc":{"start":{"line":96,"column":32},"end":{"line":102,"column":null}}},"10":{"name":"refreshProfile","decl":{"start":{"line":104,"column":17},"end":{"line":104,"column":31}},"loc":{"start":{"line":104,"column":92},"end":{"line":123,"column":null}}},"11":{"name":"provisionAndLoad","decl":{"start":{"line":125,"column":17},"end":{"line":125,"column":33}},"loc":{"start":{"line":125,"column":96},"end":{"line":141,"column":null}}},"12":{"name":"(anonymous_22)","decl":{"start":{"line":143,"column":12},"end":{"line":143,"column":15}},"loc":{"start":{"line":143,"column":17},"end":{"line":185,"column":3}}},"13":{"name":"(anonymous_23)","decl":{"start":{"line":144,"column":10},"end":{"line":144,"column":19}},"loc":{"start":{"line":144,"column":21},"end":{"line":184,"column":6}}},"14":{"name":"(anonymous_24)","decl":{"start":{"line":144,"column":21},"end":{"line":144,"column":null}},"loc":{"start":{"line":144,"column":21},"end":{"line":184,"column":5}}},"15":{"name":"(anonymous_25)","decl":{"start":{"line":187,"column":42},"end":{"line":187,"column":45}},"loc":{"start":{"line":187,"column":47},"end":{"line":218,"column":6}}},"16":{"name":"(anonymous_26)","decl":{"start":{"line":194,"column":12},"end":{"line":194,"column":19}},"loc":{"start":{"line":194,"column":38},"end":{"line":199,"column":null}}},"17":{"name":"(anonymous_27)","decl":{"start":{"line":194,"column":38},"end":{"line":194,"column":null}},"loc":{"start":{"line":194,"column":38},"end":{"line":199,"column":5}}},"18":{"name":"(anonymous_28)","decl":{"start":{"line":200,"column":12},"end":{"line":200,"column":19}},"loc":{"start":{"line":200,"column":62},"end":{"line":206,"column":null}}},"19":{"name":"(anonymous_29)","decl":{"start":{"line":200,"column":62},"end":{"line":200,"column":null}},"loc":{"start":{"line":200,"column":62},"end":{"line":206,"column":5}}},"20":{"name":"(anonymous_30)","decl":{"start":{"line":207,"column":19},"end":{"line":207,"column":26}},"loc":{"start":{"line":207,"column":35},"end":{"line":210,"column":null}}},"21":{"name":"(anonymous_31)","decl":{"start":{"line":207,"column":35},"end":{"line":207,"column":null}},"loc":{"start":{"line":207,"column":35},"end":{"line":210,"column":5}}},"22":{"name":"(anonymous_32)","decl":{"start":{"line":211,"column":22},"end":{"line":211,"column":31}},"loc":{"start":{"line":211,"column":33},"end":{"line":213,"column":null}}},"23":{"name":"(anonymous_33)","decl":{"start":{"line":211,"column":33},"end":{"line":211,"column":null}},"loc":{"start":{"line":211,"column":33},"end":{"line":213,"column":5}}},"24":{"name":"(anonymous_34)","decl":{"start":{"line":214,"column":13},"end":{"line":214,"column":22}},"loc":{"start":{"line":214,"column":24},"end":{"line":217,"column":null}}},"25":{"name":"(anonymous_35)","decl":{"start":{"line":214,"column":24},"end":{"line":214,"column":null}},"loc":{"start":{"line":214,"column":24},"end":{"line":217,"column":5}}},"26":{"name":"useAuth","decl":{"start":{"line":223,"column":16},"end":{"line":223,"column":23}},"loc":{"start":{"line":223,"column":23},"end":{"line":227,"column":1}}}},"branchMap":{"0":{"loc":{"start":{"line":27,"column":9},"end":{"line":27,"column":50}},"type":"binary-expr","locations":[{"start":{"line":27,"column":9},"end":{"line":27,"column":26}},{"start":{"line":27,"column":30},"end":{"line":27,"column":50}}]},"1":{"loc":{"start":{"line":35,"column":4},"end":{"line":35,"column":38}},"type":"if","locations":[{"start":{"line":35,"column":4},"end":{"line":35,"column":38}}]},"2":{"loc":{"start":{"line":43,"column":9},"end":{"line":43,"column":45}},"type":"cond-expr","locations":[{"start":{"line":43,"column":37},"end":{"line":43,"column":41}},{"start":{"line":43,"column":41},"end":{"line":43,"column":45}}]},"3":{"loc":{"start":{"line":43,"column":9},"end":{"line":43,"column":41}},"type":"binary-expr","locations":[{"start":{"line":43,"column":9},"end":{"line":43,"column":41}},{"start":{"line":43,"column":37},"end":{"line":43,"column":41}}]},"4":{"loc":{"start":{"line":43,"column":9},"end":{"line":43,"column":37}},"type":"cond-expr","locations":[{"start":{"line":43,"column":32},"end":{"line":43,"column":34}},{"start":{"line":43,"column":32},"end":{"line":43,"column":37}}]},"5":{"loc":{"start":{"line":43,"column":9},"end":{"line":43,"column":34}},"type":"binary-expr","locations":[{"start":{"line":43,"column":9},"end":{"line":43,"column":34}},{"start":{"line":43,"column":32},"end":{"line":43,"column":34}}]},"6":{"loc":{"start":{"line":47,"column":14},"end":{"line":47,"column":42}},"type":"cond-expr","locations":[{"start":{"line":47,"column":37},"end":{"line":47,"column":39}},{"start":{"line":47,"column":37},"end":{"line":47,"column":42}}]},"7":{"loc":{"start":{"line":47,"column":14},"end":{"line":47,"column":39}},"type":"binary-expr","locations":[{"start":{"line":47,"column":14},"end":{"line":47,"column":39}},{"start":{"line":47,"column":37},"end":{"line":47,"column":39}}]},"8":{"loc":{"start":{"line":48,"column":2},"end":{"line":48,"column":25}},"type":"if","locations":[{"start":{"line":48,"column":2},"end":{"line":48,"column":25}}]},"9":{"loc":{"start":{"line":58,"column":4},"end":{"line":58,"column":26}},"type":"if","locations":[{"start":{"line":58,"column":4},"end":{"line":58,"column":26}}]},"10":{"loc":{"start":{"line":60,"column":4},"end":{"line":60,"column":67}},"type":"if","locations":[{"start":{"line":60,"column":4},"end":{"line":60,"column":67}}]},"11":{"loc":{"start":{"line":77,"column":2},"end":{"line":77,"column":33}},"type":"if","locations":[{"start":{"line":77,"column":2},"end":{"line":77,"column":33}}]},"12":{"loc":{"start":{"line":77,"column":7},"end":{"line":77,"column":19}},"type":"cond-expr","locations":[{"start":{"line":77,"column":14},"end":{"line":77,"column":16}},{"start":{"line":77,"column":7},"end":{"line":77,"column":19}}]},"13":{"loc":{"start":{"line":77,"column":7},"end":{"line":77,"column":16}},"type":"binary-expr","locations":[{"start":{"line":77,"column":7},"end":{"line":77,"column":16}},{"start":{"line":77,"column":7},"end":{"line":77,"column":16}}]},"14":{"loc":{"start":{"line":84,"column":10},"end":{"line":84,"column":55}},"type":"cond-expr","locations":[{"start":{"line":84,"column":26},"end":{"line":84,"column":50}},{"start":{"line":84,"column":53},"end":{"line":84,"column":55}}]},"15":{"loc":{"start":{"line":85,"column":10},"end":{"line":85,"column":79}},"type":"cond-expr","locations":[{"start":{"line":85,"column":34},"end":{"line":85,"column":74}},{"start":{"line":85,"column":77},"end":{"line":85,"column":79}}]},"16":{"loc":{"start":{"line":107,"column":6},"end":{"line":107,"column":80}},"type":"if","locations":[{"start":{"line":107,"column":6},"end":{"line":107,"column":80}}]},"17":{"loc":{"start":{"line":113,"column":6},"end":{"line":116,"column":7}},"type":"if","locations":[{"start":{"line":113,"column":6},"end":{"line":116,"column":7}}]},"18":{"loc":{"start":{"line":113,"column":10},"end":{"line":113,"column":90}},"type":"binary-expr","locations":[{"start":{"line":113,"column":10},"end":{"line":113,"column":37}},{"start":{"line":113,"column":41},"end":{"line":113,"column":66}},{"start":{"line":113,"column":70},"end":{"line":113,"column":90}}]},"19":{"loc":{"start":{"line":113,"column":10},"end":{"line":113,"column":37}},"type":"cond-expr","locations":[{"start":{"line":113,"column":17},"end":{"line":113,"column":19}},{"start":{"line":113,"column":10},"end":{"line":113,"column":37}}]},"20":{"loc":{"start":{"line":113,"column":10},"end":{"line":113,"column":19}},"type":"binary-expr","locations":[{"start":{"line":113,"column":10},"end":{"line":113,"column":19}},{"start":{"line":113,"column":10},"end":{"line":113,"column":19}}]},"21":{"loc":{"start":{"line":117,"column":6},"end":{"line":119,"column":7}},"type":"if","locations":[{"start":{"line":117,"column":6},"end":{"line":119,"column":7}}]},"22":{"loc":{"start":{"line":117,"column":10},"end":{"line":117,"column":25}},"type":"cond-expr","locations":[{"start":{"line":117,"column":17},"end":{"line":117,"column":19}},{"start":{"line":117,"column":10},"end":{"line":117,"column":25}}]},"23":{"loc":{"start":{"line":117,"column":10},"end":{"line":117,"column":19}},"type":"binary-expr","locations":[{"start":{"line":117,"column":10},"end":{"line":117,"column":19}},{"start":{"line":117,"column":10},"end":{"line":117,"column":19}}]},"24":{"loc":{"start":{"line":120,"column":18},"end":{"line":120,"column":88}},"type":"cond-expr","locations":[{"start":{"line":120,"column":43},"end":{"line":120,"column":56}},{"start":{"line":120,"column":59},"end":{"line":120,"column":88}}]},"25":{"loc":{"start":{"line":126,"column":28},"end":{"line":126,"column":137}},"type":"cond-expr","locations":[{"start":{"line":126,"column":116},"end":{"line":126,"column":120}},{"start":{"line":126,"column":120},"end":{"line":126,"column":137}}]},"26":{"loc":{"start":{"line":126,"column":28},"end":{"line":126,"column":120}},"type":"binary-expr","locations":[{"start":{"line":126,"column":28},"end":{"line":126,"column":120}},{"start":{"line":126,"column":116},"end":{"line":126,"column":120}}]},"27":{"loc":{"start":{"line":126,"column":28},"end":{"line":126,"column":116}},"type":"cond-expr","locations":[{"start":{"line":126,"column":72},"end":{"line":126,"column":76}},{"start":{"line":126,"column":76},"end":{"line":126,"column":116}}]},"28":{"loc":{"start":{"line":126,"column":28},"end":{"line":126,"column":76}},"type":"binary-expr","locations":[{"start":{"line":126,"column":28},"end":{"line":126,"column":76}},{"start":{"line":126,"column":72},"end":{"line":126,"column":76}}]},"29":{"loc":{"start":{"line":126,"column":28},"end":{"line":126,"column":72}},"type":"cond-expr","locations":[{"start":{"line":126,"column":61},"end":{"line":126,"column":63}},{"start":{"line":126,"column":61},"end":{"line":126,"column":72}}]},"30":{"loc":{"start":{"line":126,"column":28},"end":{"line":126,"column":63}},"type":"binary-expr","locations":[{"start":{"line":126,"column":28},"end":{"line":126,"column":63}},{"start":{"line":126,"column":61},"end":{"line":126,"column":63}}]},"31":{"loc":{"start":{"line":126,"column":76},"end":{"line":126,"column":116}},"type":"cond-expr","locations":[{"start":{"line":126,"column":101},"end":{"line":126,"column":103}},{"start":{"line":126,"column":101},"end":{"line":126,"column":116}}]},"32":{"loc":{"start":{"line":126,"column":76},"end":{"line":126,"column":103}},"type":"binary-expr","locations":[{"start":{"line":126,"column":76},"end":{"line":126,"column":103}},{"start":{"line":126,"column":101},"end":{"line":126,"column":103}}]},"33":{"loc":{"start":{"line":130,"column":6},"end":{"line":130,"column":40}},"type":"if","locations":[{"start":{"line":130,"column":6},"end":{"line":130,"column":40}}]},"34":{"loc":{"start":{"line":130,"column":11},"end":{"line":130,"column":26}},"type":"cond-expr","locations":[{"start":{"line":130,"column":18},"end":{"line":130,"column":20}},{"start":{"line":130,"column":11},"end":{"line":130,"column":26}}]},"35":{"loc":{"start":{"line":130,"column":11},"end":{"line":130,"column":20}},"type":"binary-expr","locations":[{"start":{"line":130,"column":11},"end":{"line":130,"column":20}},{"start":{"line":130,"column":11},"end":{"line":130,"column":20}}]},"36":{"loc":{"start":{"line":133,"column":46},"end":{"line":133,"column":61}},"type":"cond-expr","locations":[{"start":{"line":133,"column":53},"end":{"line":133,"column":55}},{"start":{"line":133,"column":46},"end":{"line":133,"column":61}}]},"37":{"loc":{"start":{"line":133,"column":46},"end":{"line":133,"column":55}},"type":"binary-expr","locations":[{"start":{"line":133,"column":46},"end":{"line":133,"column":55}},{"start":{"line":133,"column":46},"end":{"line":133,"column":55}}]},"38":{"loc":{"start":{"line":134,"column":4},"end":{"line":140,"column":5}},"type":"if","locations":[{"start":{"line":134,"column":4},"end":{"line":140,"column":5}}]},"39":{"loc":{"start":{"line":135,"column":6},"end":{"line":135,"column":34}},"type":"if","locations":[{"start":{"line":135,"column":6},"end":{"line":135,"column":34}}]},"40":{"loc":{"start":{"line":135,"column":10},"end":{"line":135,"column":25}},"type":"cond-expr","locations":[{"start":{"line":135,"column":17},"end":{"line":135,"column":19}},{"start":{"line":135,"column":10},"end":{"line":135,"column":25}}]},"41":{"loc":{"start":{"line":135,"column":10},"end":{"line":135,"column":19}},"type":"binary-expr","locations":[{"start":{"line":135,"column":10},"end":{"line":135,"column":19}},{"start":{"line":135,"column":10},"end":{"line":135,"column":19}}]},"42":{"loc":{"start":{"line":146,"column":6},"end":{"line":148,"column":7}},"type":"if","locations":[{"start":{"line":146,"column":6},"end":{"line":148,"column":7}}]},"43":{"loc":{"start":{"line":146,"column":10},"end":{"line":146,"column":38}},"type":"binary-expr","locations":[{"start":{"line":146,"column":10},"end":{"line":146,"column":15}},{"start":{"line":146,"column":19},"end":{"line":146,"column":38}}]},"44":{"loc":{"start":{"line":150,"column":6},"end":{"line":152,"column":7}},"type":"if","locations":[{"start":{"line":150,"column":6},"end":{"line":152,"column":7}}]},"45":{"loc":{"start":{"line":154,"column":6},"end":{"line":158,"column":7}},"type":"if","locations":[{"start":{"line":154,"column":6},"end":{"line":158,"column":7}}]},"46":{"loc":{"start":{"line":161,"column":6},"end":{"line":165,"column":7}},"type":"if","locations":[{"start":{"line":161,"column":6},"end":{"line":165,"column":7}}]},"47":{"loc":{"start":{"line":170,"column":6},"end":{"line":173,"column":7}},"type":"if","locations":[{"start":{"line":170,"column":6},"end":{"line":173,"column":7}}]},"48":{"loc":{"start":{"line":170,"column":10},"end":{"line":170,"column":89}},"type":"binary-expr","locations":[{"start":{"line":170,"column":10},"end":{"line":170,"column":59}},{"start":{"line":170,"column":63},"end":{"line":170,"column":89}}]},"49":{"loc":{"start":{"line":170,"column":10},"end":{"line":170,"column":31}},"type":"cond-expr","locations":[{"start":{"line":170,"column":23},"end":{"line":170,"column":25}},{"start":{"line":170,"column":10},"end":{"line":170,"column":31}}]},"50":{"loc":{"start":{"line":170,"column":10},"end":{"line":170,"column":25}},"type":"binary-expr","locations":[{"start":{"line":170,"column":10},"end":{"line":170,"column":25}},{"start":{"line":170,"column":10},"end":{"line":170,"column":25}}]},"51":{"loc":{"start":{"line":178,"column":6},"end":{"line":183,"column":7}},"type":"if","locations":[{"start":{"line":178,"column":6},"end":{"line":183,"column":7}}]},"52":{"loc":{"start":{"line":180,"column":8},"end":{"line":182,"column":9}},"type":"if","locations":[{"start":{"line":180,"column":8},"end":{"line":182,"column":9}}]},"53":{"loc":{"start":{"line":188,"column":10},"end":{"line":188,"column":31}},"type":"cond-expr","locations":[{"start":{"line":188,"column":23},"end":{"line":188,"column":27}},{"start":{"line":188,"column":27},"end":{"line":188,"column":31}}]},"54":{"loc":{"start":{"line":188,"column":10},"end":{"line":188,"column":27}},"type":"binary-expr","locations":[{"start":{"line":188,"column":10},"end":{"line":188,"column":27}},{"start":{"line":188,"column":23},"end":{"line":188,"column":27}}]},"55":{"loc":{"start":{"line":188,"column":10},"end":{"line":188,"column":23}},"type":"cond-expr","locations":[{"start":{"line":188,"column":17},"end":{"line":188,"column":19}},{"start":{"line":188,"column":10},"end":{"line":188,"column":23}}]},"56":{"loc":{"start":{"line":188,"column":10},"end":{"line":188,"column":19}},"type":"binary-expr","locations":[{"start":{"line":188,"column":10},"end":{"line":188,"column":19}},{"start":{"line":188,"column":10},"end":{"line":188,"column":19}}]},"57":{"loc":{"start":{"line":208,"column":6},"end":{"line":208,"column":55}},"type":"if","locations":[{"start":{"line":208,"column":6},"end":{"line":208,"column":55}}]},"58":{"loc":{"start":{"line":225,"column":2},"end":{"line":225,"column":74}},"type":"if","locations":[{"start":{"line":225,"column":2},"end":{"line":225,"column":74}}]}},"s":{"0":1,"1":1,"2":1,"3":1,"4":1,"5":1,"6":1,"7":2,"8":0,"9":0,"10":0,"11":0,"12":0,"13":0,"14":0,"15":0,"16":0,"17":0,"18":0,"19":1,"20":1,"21":0,"22":0,"23":0,"24":0,"25":0,"26":0,"27":0,"28":0,"29":0,"30":2,"31":2,"32":7,"33":7,"34":0,"35":0,"36":0,"37":0,"38":15,"39":15,"40":15,"41":15,"42":7,"43":7,"44":7,"45":7,"46":7,"47":2,"48":2,"49":2,"50":0,"51":2,"52":2,"53":2,"54":2,"55":0,"56":0,"57":0,"58":0,"59":0,"60":0,"61":0,"62":2,"63":2,"64":2,"65":0,"66":0,"67":2,"68":2,"69":0,"70":0,"71":0,"72":0,"73":0,"74":0,"75":15,"76":6,"77":6,"78":6,"79":6,"80":0,"81":6,"82":6,"83":6,"84":6,"85":6,"86":6,"87":0,"88":0,"89":0,"90":0,"91":0,"92":0,"93":0,"94":0,"95":0,"96":0,"97":0,"98":0,"99":0,"100":0,"101":0,"102":0,"103":15,"104":14,"105":2,"106":2,"107":2,"108":2,"109":2,"110":0,"111":0,"112":0,"113":0,"114":0,"115":0,"116":0,"117":0,"118":0,"119":0,"120":0,"121":0,"122":1,"123":1,"124":1,"125":15,"126":19,"127":18,"128":4,"129":14},"f":{"0":2,"1":0,"2":0,"3":0,"4":0,"5":2,"6":7,"7":0,"8":15,"9":7,"10":2,"11":2,"12":6,"13":6,"14":6,"15":14,"16":2,"17":2,"18":0,"19":0,"20":0,"21":0,"22":0,"23":0,"24":1,"25":1,"26":19},"b":{"0":[2,0],"1":[0],"2":[0,0],"3":[0,0],"4":[0,0],"5":[0,0],"6":[0,0],"7":[0,0],"8":[0],"9":[0],"10":[0],"11":[0],"12":[0,0],"13":[0,0],"14":[0,0],"15":[0,0],"16":[0],"17":[0],"18":[0,0,0],"19":[0,0],"20":[0,0],"21":[0],"22":[0,0],"23":[0,0],"24":[0,0],"25":[2,0],"26":[2,2],"27":[2,0],"28":[2,2],"29":[0,2],"30":[2,2],"31":[0,0],"32":[0,0],"33":[0],"34":[0,0],"35":[0,0],"36":[0,2],"37":[2,2],"38":[0],"39":[0],"40":[0,0],"41":[0,0],"42":[0],"43":[6,0],"44":[6],"45":[6],"46":[0],"47":[0],"48":[0,0],"49":[0,0],"50":[0,0],"51":[0],"52":[0],"53":[2,12],"54":[14,14],"55":[12,2],"56":[14,2],"57":[0],"58":[4]}}
,"/Users/hrichasse/Documents/Workspace/Petlink-Monorepo/apps/web/src/lib/api.ts": {"path":"/Users/hrichasse/Documents/Workspace/Petlink-Monorepo/apps/web/src/lib/api.ts","statementMap":{"0":{"start":{"line":79,"column":0},"end":{"line":79,"column":22}},"1":{"start":{"line":83,"column":0},"end":{"line":83,"column":22}},"2":{"start":{"line":87,"column":0},"end":{"line":87,"column":16}},"3":{"start":{"line":91,"column":0},"end":{"line":91,"column":16}},"4":{"start":{"line":95,"column":0},"end":{"line":95,"column":16}},"5":{"start":{"line":99,"column":0},"end":{"line":99,"column":16}},"6":{"start":{"line":103,"column":0},"end":{"line":103,"column":16}},"7":{"start":{"line":108,"column":0},"end":{"line":108,"column":22}},"8":{"start":{"line":143,"column":0},"end":{"line":143,"column":22}},"9":{"start":{"line":173,"column":0},"end":{"line":173,"column":16}},"10":{"start":{"line":13,"column":4},"end":{"line":13,"column":19}},"11":{"start":{"line":14,"column":4},"end":{"line":14,"column":27}},"12":{"start":{"line":15,"column":4},"end":{"line":15,"column":25}},"13":{"start":{"line":16,"column":4},"end":{"line":16,"column":21}},"14":{"start":{"line":17,"column":4},"end":{"line":17,"column":27}},"15":{"start":{"line":7,"column":0},"end":{"line":7,"column":13}},"16":{"start":{"line":22,"column":2},"end":{"line":22,"column":35}},"17":{"start":{"line":25,"column":47},"end":{"line":29,"column":2}},"18":{"start":{"line":31,"column":48},"end":{"line":35,"column":2}},"19":{"start":{"line":37,"column":62},"end":{"line":41,"column":2}},"20":{"start":{"line":43,"column":26},"end":{"line":43,"column":48}},"21":{"start":{"line":44,"column":34},"end":{"line":44,"column":57}},"22":{"start":{"line":45,"column":32},"end":{"line":45,"column":36}},"23":{"start":{"line":47,"column":25},"end":{"line":47,"column":119}},"24":{"start":{"line":48,"column":30},"end":{"line":48,"column":289}},"25":{"start":{"line":50,"column":53},"end":{"line":50,"column":57}},"26":{"start":{"line":53,"column":18},"end":{"line":53,"column":49}},"27":{"start":{"line":54,"column":2},"end":{"line":54,"column":50}},"28":{"start":{"line":54,"column":35},"end":{"line":54,"column":50}},"29":{"start":{"line":55,"column":2},"end":{"line":55,"column":55}},"30":{"start":{"line":55,"column":32},"end":{"line":55,"column":55}},"31":{"start":{"line":56,"column":2},"end":{"line":56,"column":29}},"32":{"start":{"line":60,"column":2},"end":{"line":60,"column":58}},"33":{"start":{"line":64,"column":21},"end":{"line":64,"column":43}},"34":{"start":{"line":65,"column":25},"end":{"line":65,"column":119}},"35":{"start":{"line":67,"column":2},"end":{"line":72,"column":3}},"36":{"start":{"line":68,"column":4},"end":{"line":68,"column":49}},"37":{"start":{"line":68,"column":21},"end":{"line":68,"column":49}},"38":{"start":{"line":69,"column":4},"end":{"line":69,"column":79}},"39":{"start":{"line":69,"column":51},"end":{"line":69,"column":79}},"40":{"start":{"line":70,"column":4},"end":{"line":70,"column":77}},"41":{"start":{"line":70,"column":49},"end":{"line":70,"column":77}},"42":{"start":{"line":71,"column":4},"end":{"line":71,"column":43}},"43":{"start":{"line":74,"column":2},"end":{"line":74,"column":46}},"44":{"start":{"line":74,"column":19},"end":{"line":74,"column":46}},"45":{"start":{"line":75,"column":2},"end":{"line":75,"column":96}},"46":{"start":{"line":75,"column":68},"end":{"line":75,"column":96}},"47":{"start":{"line":76,"column":2},"end":{"line":76,"column":41}},"48":{"start":{"line":80,"column":2},"end":{"line":80,"column":49}},"49":{"start":{"line":84,"column":2},"end":{"line":84,"column":57}},"50":{"start":{"line":88,"column":2},"end":{"line":88,"column":49}},"51":{"start":{"line":92,"column":2},"end":{"line":92,"column":57}},"52":{"start":{"line":96,"column":2},"end":{"line":96,"column":45}},"53":{"start":{"line":100,"column":2},"end":{"line":100,"column":53}},"54":{"start":{"line":104,"column":2},"end":{"line":104,"column":21}},"55":{"start":{"line":105,"column":2},"end":{"line":105,"column":22}},"56":{"start":{"line":109,"column":2},"end":{"line":109,"column":46}},"57":{"start":{"line":109,"column":23},"end":{"line":109,"column":46}},"58":{"start":{"line":111,"column":23},"end":{"line":111,"column":46}},"59":{"start":{"line":112,"column":2},"end":{"line":112,"column":59}},"60":{"start":{"line":112,"column":47},"end":{"line":112,"column":59}},"61":{"start":{"line":114,"column":2},"end":{"line":138,"column":7}},"62":{"start":{"line":114,"column":32},"end":{"line":138,"column":4}},"63":{"start":{"line":115,"column":4},"end":{"line":137,"column":5}},"64":{"start":{"line":116,"column":23},"end":{"line":121,"column":8}},"65":{"start":{"line":123,"column":19},"end":{"line":123,"column":118}},"66":{"start":{"line":123,"column":53},"end":{"line":123,"column":57}},"67":{"start":{"line":124,"column":6},"end":{"line":127,"column":7}},"68":{"start":{"line":125,"column":8},"end":{"line":125,"column":26}},"69":{"start":{"line":126,"column":8},"end":{"line":126,"column":20}},"70":{"start":{"line":129,"column":6},"end":{"line":129,"column":40}},"71":{"start":{"line":130,"column":6},"end":{"line":130,"column":66}},"72":{"start":{"line":130,"column":30},"end":{"line":130,"column":66}},"73":{"start":{"line":131,"column":6},"end":{"line":131,"column":31}},"74":{"start":{"line":133,"column":6},"end":{"line":133,"column":24}},"75":{"start":{"line":134,"column":6},"end":{"line":134,"column":18}},"76":{"start":{"line":136,"column":6},"end":{"line":136,"column":29}},"77":{"start":{"line":140,"column":2},"end":{"line":140,"column":25}},"78":{"start":{"line":143,"column":36},"end":{"line":171,"column":null}},"79":{"start":{"line":144,"column":18},"end":{"line":144,"column":34}},"80":{"start":{"line":145,"column":2},"end":{"line":145,"column":108}},"81":{"start":{"line":145,"column":16},"end":{"line":145,"column":108}},"82":{"start":{"line":146,"column":16},"end":{"line":146,"column":38}},"83":{"start":{"line":147,"column":18},"end":{"line":147,"column":43}},"84":{"start":{"line":148,"column":2},"end":{"line":148,"column":120}},"85":{"start":{"line":148,"column":72},"end":{"line":148,"column":120}},"86":{"start":{"line":149,"column":2},"end":{"line":149,"column":61}},"87":{"start":{"line":149,"column":13},"end":{"line":149,"column":61}},"88":{"start":{"line":151,"column":17},"end":{"line":151,"column":71}},"89":{"start":{"line":154,"column":2},"end":{"line":160,"column":3}},"90":{"start":{"line":155,"column":28},"end":{"line":155,"column":54}},"91":{"start":{"line":156,"column":4},"end":{"line":159,"column":5}},"92":{"start":{"line":157,"column":6},"end":{"line":157,"column":64}},"93":{"start":{"line":158,"column":6},"end":{"line":158,"column":72}},"94":{"start":{"line":162,"column":19},"end":{"line":162,"column":58}},"95":{"start":{"line":162,"column":53},"end":{"line":162,"column":57}},"96":{"start":{"line":164,"column":2},"end":{"line":167,"column":3}},"97":{"start":{"line":165,"column":20},"end":{"line":165,"column":162}},"98":{"start":{"line":166,"column":4},"end":{"line":166,"column":175}},"99":{"start":{"line":169,"column":2},"end":{"line":169,"column":172}},"100":{"start":{"line":169,"column":27},"end":{"line":169,"column":172}},"101":{"start":{"line":170,"column":2},"end":{"line":170,"column":22}},"102":{"start":{"line":174,"column":17},"end":{"line":174,"column":38}},"103":{"start":{"line":175,"column":2},"end":{"line":177,"column":5}},"104":{"start":{"line":176,"column":4},"end":{"line":176,"column":94}},"105":{"start":{"line":176,"column":63},"end":{"line":176,"column":94}},"106":{"start":{"line":178,"column":16},"end":{"line":178,"column":33}},"107":{"start":{"line":179,"column":2},"end":{"line":179,"column":34}}},"fnMap":{"0":{"name":"(anonymous_7)","decl":{"start":{"line":12,"column":2},"end":{"line":12,"column":14}},"loc":{"start":{"line":12,"column":79},"end":{"line":18,"column":3}}},"1":{"name":"isApiError","decl":{"start":{"line":21,"column":9},"end":{"line":21,"column":19}},"loc":{"start":{"line":21,"column":46},"end":{"line":23,"column":1}}},"2":{"name":"normalizeApiBaseUrl","decl":{"start":{"line":52,"column":9},"end":{"line":52,"column":28}},"loc":{"start":{"line":52,"column":42},"end":{"line":57,"column":1}}},"3":{"name":"isLikelyProtectedPreviewUrl","decl":{"start":{"line":59,"column":9},"end":{"line":59,"column":36}},"loc":{"start":{"line":59,"column":50},"end":{"line":61,"column":1}}},"4":{"name":"getBaseUrl","decl":{"start":{"line":63,"column":9},"end":{"line":63,"column":19}},"loc":{"start":{"line":63,"column":33},"end":{"line":77,"column":1}}},"5":{"name":"getAccessToken","decl":{"start":{"line":79,"column":22},"end":{"line":79,"column":36}},"loc":{"start":{"line":79,"column":36},"end":{"line":81,"column":null}}},"6":{"name":"getRefreshToken","decl":{"start":{"line":83,"column":22},"end":{"line":83,"column":37}},"loc":{"start":{"line":83,"column":37},"end":{"line":85,"column":null}}},"7":{"name":"setAccessToken","decl":{"start":{"line":87,"column":16},"end":{"line":87,"column":30}},"loc":{"start":{"line":87,"column":44},"end":{"line":89,"column":1}}},"8":{"name":"setRefreshToken","decl":{"start":{"line":91,"column":16},"end":{"line":91,"column":31}},"loc":{"start":{"line":91,"column":45},"end":{"line":93,"column":1}}},"9":{"name":"clearAccessToken","decl":{"start":{"line":95,"column":16},"end":{"line":95,"column":32}},"loc":{"start":{"line":95,"column":32},"end":{"line":97,"column":1}}},"10":{"name":"clearRefreshToken","decl":{"start":{"line":99,"column":16},"end":{"line":99,"column":33}},"loc":{"start":{"line":99,"column":33},"end":{"line":101,"column":1}}},"11":{"name":"clearAuthTokens","decl":{"start":{"line":103,"column":16},"end":{"line":103,"column":31}},"loc":{"start":{"line":103,"column":31},"end":{"line":106,"column":1}}},"12":{"name":"refreshAccessToken","decl":{"start":{"line":108,"column":22},"end":{"line":108,"column":40}},"loc":{"start":{"line":108,"column":40},"end":{"line":141,"column":null}}},"13":{"name":"(anonymous_23)","decl":{"start":{"line":114,"column":21},"end":{"line":114,"column":30}},"loc":{"start":{"line":114,"column":32},"end":{"line":138,"column":4}}},"14":{"name":"(anonymous_24)","decl":{"start":{"line":114,"column":32},"end":{"line":114,"column":null}},"loc":{"start":{"line":114,"column":32},"end":{"line":138,"column":3}}},"15":{"name":"(anonymous_25)","decl":{"start":{"line":123,"column":47},"end":{"line":123,"column":50}},"loc":{"start":{"line":123,"column":53},"end":{"line":123,"column":57}}},"16":{"name":"apiRequest","decl":{"start":{"line":143,"column":22},"end":{"line":143,"column":32}},"loc":{"start":{"line":143,"column":32},"end":{"line":171,"column":null}}},"17":{"name":"(anonymous_27)","decl":{"start":{"line":143,"column":36},"end":{"line":143,"column":49}},"loc":{"start":{"line":143,"column":87},"end":{"line":171,"column":1}}},"18":{"name":"(anonymous_28)","decl":{"start":{"line":162,"column":47},"end":{"line":162,"column":50}},"loc":{"start":{"line":162,"column":53},"end":{"line":162,"column":57}}},"19":{"name":"asQuery","decl":{"start":{"line":173,"column":16},"end":{"line":173,"column":23}},"loc":{"start":{"line":173,"column":92},"end":{"line":180,"column":1}}},"20":{"name":"(anonymous_30)","decl":{"start":{"line":175,"column":33},"end":{"line":175,"column":34}},"loc":{"start":{"line":175,"column":50},"end":{"line":177,"column":3}}}},"branchMap":{"0":{"loc":{"start":{"line":47,"column":25},"end":{"line":47,"column":119}},"type":"binary-expr","locations":[{"start":{"line":47,"column":25},"end":{"line":47,"column":65}},{"start":{"line":47,"column":69},"end":{"line":47,"column":119}}]},"1":{"loc":{"start":{"line":48,"column":30},"end":{"line":48,"column":289}},"type":"binary-expr","locations":[{"start":{"line":48,"column":30},"end":{"line":48,"column":75}},{"start":{"line":48,"column":79},"end":{"line":48,"column":289}}]},"2":{"loc":{"start":{"line":54,"column":2},"end":{"line":54,"column":50}},"type":"if","locations":[{"start":{"line":54,"column":2},"end":{"line":54,"column":50}}]},"3":{"loc":{"start":{"line":55,"column":2},"end":{"line":55,"column":55}},"type":"if","locations":[{"start":{"line":55,"column":2},"end":{"line":55,"column":55}}]},"4":{"loc":{"start":{"line":65,"column":25},"end":{"line":65,"column":119}},"type":"binary-expr","locations":[{"start":{"line":65,"column":25},"end":{"line":65,"column":54}},{"start":{"line":65,"column":58},"end":{"line":65,"column":119}}]},"5":{"loc":{"start":{"line":67,"column":2},"end":{"line":72,"column":3}},"type":"if","locations":[{"start":{"line":67,"column":2},"end":{"line":72,"column":3}}]},"6":{"loc":{"start":{"line":68,"column":4},"end":{"line":68,"column":49}},"type":"if","locations":[{"start":{"line":68,"column":4},"end":{"line":68,"column":49}}]},"7":{"loc":{"start":{"line":69,"column":4},"end":{"line":69,"column":79}},"type":"if","locations":[{"start":{"line":69,"column":4},"end":{"line":69,"column":79}}]},"8":{"loc":{"start":{"line":70,"column":4},"end":{"line":70,"column":77}},"type":"if","locations":[{"start":{"line":70,"column":4},"end":{"line":70,"column":77}}]},"9":{"loc":{"start":{"line":74,"column":2},"end":{"line":74,"column":46}},"type":"if","locations":[{"start":{"line":74,"column":2},"end":{"line":74,"column":46}}]},"10":{"loc":{"start":{"line":75,"column":2},"end":{"line":75,"column":96}},"type":"if","locations":[{"start":{"line":75,"column":2},"end":{"line":75,"column":96}}]},"11":{"loc":{"start":{"line":75,"column":6},"end":{"line":75,"column":66}},"type":"binary-expr","locations":[{"start":{"line":75,"column":6},"end":{"line":75,"column":47}},{"start":{"line":75,"column":51},"end":{"line":75,"column":66}}]},"12":{"loc":{"start":{"line":109,"column":2},"end":{"line":109,"column":46}},"type":"if","locations":[{"start":{"line":109,"column":2},"end":{"line":109,"column":46}}]},"13":{"loc":{"start":{"line":112,"column":2},"end":{"line":112,"column":59}},"type":"if","locations":[{"start":{"line":112,"column":2},"end":{"line":112,"column":59}}]},"14":{"loc":{"start":{"line":112,"column":6},"end":{"line":112,"column":45}},"type":"binary-expr","locations":[{"start":{"line":112,"column":6},"end":{"line":112,"column":19}},{"start":{"line":112,"column":23},"end":{"line":112,"column":45}}]},"15":{"loc":{"start":{"line":124,"column":6},"end":{"line":127,"column":7}},"type":"if","locations":[{"start":{"line":124,"column":6},"end":{"line":127,"column":7}}]},"16":{"loc":{"start":{"line":124,"column":10},"end":{"line":124,"column":47}},"type":"binary-expr","locations":[{"start":{"line":124,"column":10},"end":{"line":124,"column":22}},{"start":{"line":124,"column":26},"end":{"line":124,"column":47}}]},"17":{"loc":{"start":{"line":124,"column":27},"end":{"line":124,"column":45}},"type":"cond-expr","locations":[{"start":{"line":124,"column":31},"end":{"line":124,"column":33}},{"start":{"line":124,"column":27},"end":{"line":124,"column":45}}]},"18":{"loc":{"start":{"line":124,"column":27},"end":{"line":124,"column":33}},"type":"binary-expr","locations":[{"start":{"line":124,"column":27},"end":{"line":124,"column":33}},{"start":{"line":124,"column":27},"end":{"line":124,"column":33}}]},"19":{"loc":{"start":{"line":130,"column":6},"end":{"line":130,"column":66}},"type":"if","locations":[{"start":{"line":130,"column":6},"end":{"line":130,"column":66}}]},"20":{"loc":{"start":{"line":143,"column":65},"end":{"line":143,"column":87}},"type":"default-arg","locations":[{"start":{"line":143,"column":85},"end":{"line":143,"column":87}}]},"21":{"loc":{"start":{"line":145,"column":2},"end":{"line":145,"column":108}},"type":"if","locations":[{"start":{"line":145,"column":2},"end":{"line":145,"column":108}}]},"22":{"loc":{"start":{"line":148,"column":2},"end":{"line":148,"column":120}},"type":"if","locations":[{"start":{"line":148,"column":2},"end":{"line":148,"column":120}}]},"23":{"loc":{"start":{"line":148,"column":6},"end":{"line":148,"column":70}},"type":"binary-expr","locations":[{"start":{"line":148,"column":6},"end":{"line":148,"column":34}},{"start":{"line":148,"column":38},"end":{"line":148,"column":70}}]},"24":{"loc":{"start":{"line":149,"column":2},"end":{"line":149,"column":61}},"type":"if","locations":[{"start":{"line":149,"column":2},"end":{"line":149,"column":61}}]},"25":{"loc":{"start":{"line":154,"column":2},"end":{"line":160,"column":3}},"type":"if","locations":[{"start":{"line":154,"column":2},"end":{"line":160,"column":3}}]},"26":{"loc":{"start":{"line":154,"column":6},"end":{"line":154,"column":56}},"type":"binary-expr","locations":[{"start":{"line":154,"column":6},"end":{"line":154,"column":29}},{"start":{"line":154,"column":33},"end":{"line":154,"column":56}}]},"27":{"loc":{"start":{"line":156,"column":4},"end":{"line":159,"column":5}},"type":"if","locations":[{"start":{"line":156,"column":4},"end":{"line":159,"column":5}}]},"28":{"loc":{"start":{"line":164,"column":2},"end":{"line":167,"column":3}},"type":"if","locations":[{"start":{"line":164,"column":2},"end":{"line":167,"column":3}}]},"29":{"loc":{"start":{"line":164,"column":6},"end":{"line":164,"column":30}},"type":"binary-expr","locations":[{"start":{"line":164,"column":6},"end":{"line":164,"column":18}},{"start":{"line":164,"column":22},"end":{"line":164,"column":30}}]},"30":{"loc":{"start":{"line":165,"column":20},"end":{"line":165,"column":162}},"type":"cond-expr","locations":[{"start":{"line":165,"column":53},"end":{"line":165,"column":124}},{"start":{"line":165,"column":127},"end":{"line":165,"column":162}}]},"31":{"loc":{"start":{"line":165,"column":20},"end":{"line":165,"column":50}},"type":"binary-expr","locations":[{"start":{"line":165,"column":20},"end":{"line":165,"column":27}},{"start":{"line":165,"column":31},"end":{"line":165,"column":50}}]},"32":{"loc":{"start":{"line":165,"column":53},"end":{"line":165,"column":124}},"type":"cond-expr","locations":[{"start":{"line":165,"column":85},"end":{"line":165,"column":89}},{"start":{"line":165,"column":89},"end":{"line":165,"column":124}}]},"33":{"loc":{"start":{"line":165,"column":53},"end":{"line":165,"column":89}},"type":"binary-expr","locations":[{"start":{"line":165,"column":53},"end":{"line":165,"column":89}},{"start":{"line":165,"column":85},"end":{"line":165,"column":89}}]},"34":{"loc":{"start":{"line":165,"column":53},"end":{"line":165,"column":85}},"type":"cond-expr","locations":[{"start":{"line":165,"column":68},"end":{"line":165,"column":72}},{"start":{"line":165,"column":72},"end":{"line":165,"column":85}}]},"35":{"loc":{"start":{"line":165,"column":53},"end":{"line":165,"column":72}},"type":"binary-expr","locations":[{"start":{"line":165,"column":53},"end":{"line":165,"column":72}},{"start":{"line":165,"column":68},"end":{"line":165,"column":72}}]},"36":{"loc":{"start":{"line":166,"column":49},"end":{"line":166,"column":111}},"type":"cond-expr","locations":[{"start":{"line":166,"column":82},"end":{"line":166,"column":99}},{"start":{"line":166,"column":102},"end":{"line":166,"column":111}}]},"37":{"loc":{"start":{"line":166,"column":49},"end":{"line":166,"column":79}},"type":"binary-expr","locations":[{"start":{"line":166,"column":49},"end":{"line":166,"column":56}},{"start":{"line":166,"column":60},"end":{"line":166,"column":79}}]},"38":{"loc":{"start":{"line":166,"column":113},"end":{"line":166,"column":173}},"type":"cond-expr","locations":[{"start":{"line":166,"column":146},"end":{"line":166,"column":161}},{"start":{"line":166,"column":164},"end":{"line":166,"column":173}}]},"39":{"loc":{"start":{"line":166,"column":113},"end":{"line":166,"column":143}},"type":"binary-expr","locations":[{"start":{"line":166,"column":113},"end":{"line":166,"column":120}},{"start":{"line":166,"column":124},"end":{"line":166,"column":143}}]},"40":{"loc":{"start":{"line":169,"column":2},"end":{"line":169,"column":172}},"type":"if","locations":[{"start":{"line":169,"column":2},"end":{"line":169,"column":172}}]},"41":{"loc":{"start":{"line":169,"column":46},"end":{"line":169,"column":117}},"type":"cond-expr","locations":[{"start":{"line":169,"column":78},"end":{"line":169,"column":82}},{"start":{"line":169,"column":82},"end":{"line":169,"column":117}}]},"42":{"loc":{"start":{"line":169,"column":46},"end":{"line":169,"column":82}},"type":"binary-expr","locations":[{"start":{"line":169,"column":46},"end":{"line":169,"column":82}},{"start":{"line":169,"column":78},"end":{"line":169,"column":82}}]},"43":{"loc":{"start":{"line":169,"column":46},"end":{"line":169,"column":78}},"type":"cond-expr","locations":[{"start":{"line":169,"column":61},"end":{"line":169,"column":65}},{"start":{"line":169,"column":65},"end":{"line":169,"column":78}}]},"44":{"loc":{"start":{"line":169,"column":46},"end":{"line":169,"column":65}},"type":"binary-expr","locations":[{"start":{"line":169,"column":46},"end":{"line":169,"column":65}},{"start":{"line":169,"column":61},"end":{"line":169,"column":65}}]},"45":{"loc":{"start":{"line":176,"column":4},"end":{"line":176,"column":94}},"type":"if","locations":[{"start":{"line":176,"column":4},"end":{"line":176,"column":94}}]},"46":{"loc":{"start":{"line":176,"column":8},"end":{"line":176,"column":61}},"type":"binary-expr","locations":[{"start":{"line":176,"column":8},"end":{"line":176,"column":27}},{"start":{"line":176,"column":31},"end":{"line":176,"column":45}},{"start":{"line":176,"column":49},"end":{"line":176,"column":61}}]},"47":{"loc":{"start":{"line":179,"column":9},"end":{"line":179,"column":33}},"type":"cond-expr","locations":[{"start":{"line":179,"column":17},"end":{"line":179,"column":28}},{"start":{"line":179,"column":31},"end":{"line":179,"column":33}}]}},"s":{"0":1,"1":1,"2":1,"3":1,"4":1,"5":1,"6":1,"7":1,"8":1,"9":1,"10":5,"11":5,"12":5,"13":5,"14":5,"15":1,"16":0,"17":1,"18":1,"19":1,"20":1,"21":1,"22":1,"23":1,"24":1,"25":1,"26":0,"27":0,"28":0,"29":0,"30":0,"31":0,"32":0,"33":0,"34":0,"35":0,"36":0,"37":0,"38":0,"39":0,"40":0,"41":0,"42":0,"43":0,"44":0,"45":0,"46":0,"47":0,"48":0,"49":0,"50":0,"51":0,"52":0,"53":0,"54":0,"55":0,"56":0,"57":0,"58":0,"59":0,"60":0,"61":0,"62":0,"63":0,"64":0,"65":0,"66":0,"67":0,"68":0,"69":0,"70":0,"71":0,"72":0,"73":0,"74":0,"75":0,"76":0,"77":0,"78":0,"79":0,"80":0,"81":0,"82":0,"83":0,"84":0,"85":0,"86":0,"87":0,"88":0,"89":0,"90":0,"91":0,"92":0,"93":0,"94":0,"95":0,"96":0,"97":0,"98":0,"99":0,"100":0,"101":0,"102":0,"103":0,"104":0,"105":0,"106":0,"107":0},"f":{"0":5,"1":0,"2":0,"3":0,"4":0,"5":0,"6":0,"7":0,"8":0,"9":0,"10":0,"11":0,"12":0,"13":0,"14":0,"15":0,"16":0,"17":0,"18":0,"19":0,"20":0},"b":{"0":[1,1],"1":[1,1],"2":[0],"3":[0],"4":[0,0],"5":[0],"6":[0],"7":[0],"8":[0],"9":[0],"10":[0],"11":[0,0],"12":[0],"13":[0],"14":[0,0],"15":[0],"16":[0,0],"17":[0,0],"18":[0,0],"19":[0],"20":[0],"21":[0],"22":[0],"23":[0,0],"24":[0],"25":[0],"26":[0,0],"27":[0],"28":[0],"29":[0,0],"30":[0,0],"31":[0,0],"32":[0,0],"33":[0,0],"34":[0,0],"35":[0,0],"36":[0,0],"37":[0,0],"38":[0,0],"39":[0,0],"40":[0],"41":[0,0],"42":[0,0],"43":[0,0],"44":[0,0],"45":[0],"46":[0,0,0],"47":[0,0]}}
,"/Users/hrichasse/Documents/Workspace/Petlink-Monorepo/packages/shared/src/constants/http-status.ts": {"path":"/Users/hrichasse/Documents/Workspace/Petlink-Monorepo/packages/shared/src/constants/http-status.ts","statementMap":{"0":{"start":{"line":1,"column":13},"end":{"line":12,"column":11}}},"fnMap":{},"branchMap":{},"s":{"0":3},"f":{},"b":{}}
,"/Users/hrichasse/Documents/Workspace/Petlink-Monorepo/packages/shared/src/errors/app-error.ts": {"path":"/Users/hrichasse/Documents/Workspace/Petlink-Monorepo/packages/shared/src/errors/app-error.ts","statementMap":{"0":{"start":{"line":1,"column":0},"end":{"line":1,"column":55}},"1":{"start":{"line":17,"column":4},"end":{"line":17,"column":19}},"2":{"start":{"line":18,"column":4},"end":{"line":18,"column":27}},"3":{"start":{"line":19,"column":4},"end":{"line":19,"column":78}},"4":{"start":{"line":20,"column":4},"end":{"line":20,"column":49}},"5":{"start":{"line":21,"column":4},"end":{"line":21,"column":35}},"6":{"start":{"line":11,"column":0},"end":{"line":11,"column":13}}},"fnMap":{"0":{"name":"(anonymous_0)","decl":{"start":{"line":16,"column":2},"end":{"line":16,"column":21}},"loc":{"start":{"line":16,"column":67},"end":{"line":22,"column":3}}}},"branchMap":{"0":{"loc":{"start":{"line":16,"column":38},"end":{"line":16,"column":67}},"type":"default-arg","locations":[{"start":{"line":16,"column":65},"end":{"line":16,"column":67}}]},"1":{"loc":{"start":{"line":19,"column":22},"end":{"line":19,"column":77}},"type":"binary-expr","locations":[{"start":{"line":19,"column":22},"end":{"line":19,"column":40}},{"start":{"line":19,"column":44},"end":{"line":19,"column":77}}]},"2":{"loc":{"start":{"line":20,"column":16},"end":{"line":20,"column":48}},"type":"binary-expr","locations":[{"start":{"line":20,"column":16},"end":{"line":20,"column":28}},{"start":{"line":20,"column":32},"end":{"line":20,"column":48}}]}},"s":{"0":2,"1":7,"2":7,"3":7,"4":7,"5":7,"6":2},"f":{"0":7},"b":{"0":[1],"1":[7,2],"2":[7,1]}}
,"/Users/hrichasse/Documents/Workspace/Petlink-Monorepo/packages/shared/src/errors/error-codes.ts": {"path":"/Users/hrichasse/Documents/Workspace/Petlink-Monorepo/packages/shared/src/errors/error-codes.ts","statementMap":{"0":{"start":{"line":1,"column":13},"end":{"line":8,"column":11}}},"fnMap":{},"branchMap":{},"s":{"0":3},"f":{},"b":{}}
,"/Users/hrichasse/Documents/Workspace/Petlink-Monorepo/packages/shared/src/middleware/error-handler.ts": {"path":"/Users/hrichasse/Documents/Workspace/Petlink-Monorepo/packages/shared/src/middleware/error-handler.ts","statementMap":{"0":{"start":{"line":3,"column":0},"end":{"line":3,"column":47}},"1":{"start":{"line":4,"column":0},"end":{"line":4,"column":52}},"2":{"start":{"line":5,"column":0},"end":{"line":5,"column":55}},"3":{"start":{"line":6,"column":0},"end":{"line":6,"column":49}},"4":{"start":{"line":10,"column":32},"end":{"line":29,"column":1}},"5":{"start":{"line":11,"column":2},"end":{"line":28,"column":3}},"6":{"start":{"line":12,"column":4},"end":{"line":12,"column":22}},"7":{"start":{"line":14,"column":4},"end":{"line":16,"column":5}},"8":{"start":{"line":15,"column":6},"end":{"line":15,"column":78}},"9":{"start":{"line":18,"column":20},"end":{"line":18,"column":74}},"10":{"start":{"line":19,"column":18},"end":{"line":19,"column":66}},"11":{"start":{"line":20,"column":4},"end":{"line":20,"column":77}},"12":{"start":{"line":22,"column":4},"end":{"line":27,"column":6}},"13":{"start":{"line":10,"column":13},"end":{"line":10,"column":32}}},"fnMap":{"0":{"name":"(anonymous_0)","decl":{"start":{"line":10,"column":32},"end":{"line":10,"column":37}},"loc":{"start":{"line":10,"column":102},"end":{"line":29,"column":1}}}},"branchMap":{"0":{"loc":{"start":{"line":14,"column":4},"end":{"line":16,"column":5}},"type":"if","locations":[{"start":{"line":14,"column":4},"end":{"line":16,"column":5}}]},"1":{"loc":{"start":{"line":18,"column":20},"end":{"line":18,"column":74}},"type":"cond-expr","locations":[{"start":{"line":18,"column":45},"end":{"line":18,"column":58}},{"start":{"line":18,"column":61},"end":{"line":18,"column":74}}]},"2":{"loc":{"start":{"line":19,"column":18},"end":{"line":19,"column":66}},"type":"cond-expr","locations":[{"start":{"line":19,"column":43},"end":{"line":19,"column":54}},{"start":{"line":19,"column":57},"end":{"line":19,"column":66}}]},"3":{"loc":{"start":{"line":25,"column":6},"end":{"line":25,"column":66}},"type":"cond-expr","locations":[{"start":{"line":25,"column":47},"end":{"line":25,"column":54}},{"start":{"line":25,"column":57},"end":{"line":25,"column":66}}]}},"s":{"0":1,"1":1,"2":1,"3":1,"4":1,"5":6,"6":6,"7":5,"8":3,"9":2,"10":2,"11":2,"12":2,"13":1},"f":{"0":6},"b":{"0":[3],"1":[2,0],"2":[2,0],"3":[0,2]}}
,"/Users/hrichasse/Documents/Workspace/Petlink-Monorepo/packages/shared/src/responses/api-response.ts": {"path":"/Users/hrichasse/Documents/Workspace/Petlink-Monorepo/packages/shared/src/responses/api-response.ts","statementMap":{"0":{"start":{"line":1,"column":0},"end":{"line":1,"column":43}},"1":{"start":{"line":3,"column":0},"end":{"line":3,"column":55}},"2":{"start":{"line":9,"column":18},"end":{"line":22,"column":1}},"3":{"start":{"line":14,"column":2},"end":{"line":21,"column":4}},"4":{"start":{"line":9,"column":13},"end":{"line":9,"column":18}},"5":{"start":{"line":24,"column":23},"end":{"line":26,"column":1}},"6":{"start":{"line":25,"column":2},"end":{"line":25,"column":48}},"7":{"start":{"line":24,"column":13},"end":{"line":24,"column":23}},"8":{"start":{"line":28,"column":20},"end":{"line":43,"column":1}},"9":{"start":{"line":34,"column":2},"end":{"line":42,"column":4}},"10":{"start":{"line":28,"column":13},"end":{"line":28,"column":20}}},"fnMap":{"0":{"name":"(anonymous_0)","decl":{"start":{"line":9,"column":18},"end":{"line":9,"column":null}},"loc":{"start":{"line":13,"column":37},"end":{"line":22,"column":1}}},"1":{"name":"(anonymous_1)","decl":{"start":{"line":24,"column":23},"end":{"line":24,"column":31}},"loc":{"start":{"line":24,"column":96},"end":{"line":26,"column":1}}},"2":{"name":"(anonymous_2)","decl":{"start":{"line":28,"column":20},"end":{"line":28,"column":null}},"loc":{"start":{"line":33,"column":28},"end":{"line":43,"column":1}}}},"branchMap":{"0":{"loc":{"start":{"line":12,"column":2},"end":{"line":12,"column":41}},"type":"default-arg","locations":[{"start":{"line":12,"column":27},"end":{"line":12,"column":41}}]},"1":{"loc":{"start":{"line":32,"column":2},"end":{"line":32,"column":50}},"type":"default-arg","locations":[{"start":{"line":32,"column":27},"end":{"line":32,"column":50}}]}},"s":{"0":2,"1":2,"2":2,"3":4,"4":2,"5":2,"6":1,"7":2,"8":2,"9":8,"10":2},"f":{"0":4,"1":1,"2":8},"b":{"0":[2],"1":[1]}}
}
