TN:
SF:apps/auth/src/modules/users/controllers/signup.controller.ts
FN:24,(anonymous_0)
FNF:1
FNH:1
FNDA:7,(anonymous_0)
DA:2,1
DA:3,1
DA:4,1
DA:5,1
DA:6,1
DA:8,1
DA:24,1
DA:26,7
DA:27,7
DA:29,1
DA:35,6
DA:36,6
DA:37,3
DA:44,3
DA:46,3
DA:49,3
DA:56,3
DA:59,2
DA:63,2
DA:69,1
DA:72,1
DA:73,1
DA:78,1
DA:80,0
DA:81,0
DA:88,1
DA:89,1
DA:90,1
DA:92,1
DA:99,1
LF:30
LH:28
BRDA:36,0,0,3
BRDA:56,1,0,2
BRDA:59,2,0,2
BRDA:59,2,1,1
BRDA:59,2,2,1
BRDA:63,3,0,1
BRDA:63,3,1,1
BRDA:64,4,0,1
BRDA:64,4,1,1
BRDA:65,5,0,1
BRDA:65,5,1,1
BRDA:78,6,0,0
BRDA:78,7,0,1
BRDA:78,7,1,1
BRDA:89,8,0,1
BRDA:89,8,1,1
BRDA:99,9,0,1
BRDA:99,9,1,0
BRF:18
BRH:16
end_of_record
TN:
SF:apps/auth/src/modules/users/repositories/index.ts
FNF:0
FNH:0
DA:1,1
LF:1
LH:1
BRF:0
BRH:0
end_of_record
TN:
SF:apps/auth/src/modules/users/services/users.service.ts
FN:14,(anonymous_0)
FN:26,(anonymous_1)
FN:36,(anonymous_2)
FN:41,(anonymous_3)
FN:47,(anonymous_4)
FN:55,(anonymous_5)
FNF:6
FNH:3
FNDA:2,(anonymous_0)
FNDA:5,(anonymous_1)
FNDA:0,(anonymous_2)
FNDA:2,(anonymous_3)
FNDA:0,(anonymous_4)
FNDA:0,(anonymous_5)
DA:2,1
DA:4,1
DA:6,1
DA:8,1
DA:18,2
DA:19,2
DA:20,1
DA:22,1
DA:23,1
DA:27,5
DA:29,5
DA:30,3
DA:33,2
DA:37,0
DA:38,0
DA:42,2
DA:44,1
DA:52,0
DA:56,0
DA:58,0
DA:59,0
DA:62,0
LF:22
LH:15
BRDA:19,0,0,1
BRDA:29,1,0,3
BRDA:58,2,0,0
BRF:3
BRH:2
end_of_record
TN:
SF:apps/marketplace/src/modules/subscriptions/config/plans.ts
FN:32,(anonymous_0)
FN:36,(anonymous_1)
FNF:2
FNH:2
FNDA:3,(anonymous_0)
FNDA:10,(anonymous_1)
DA:3,2
DA:5,2
DA:32,2
DA:33,3
DA:36,2
DA:37,10
LF:6
LH:6
BRF:0
BRH:0
end_of_record
TN:
SF:apps/marketplace/src/modules/subscriptions/repositories/index.ts
FNF:0
FNH:0
DA:1,1
LF:1
LH:1
BRF:0
BRH:0
end_of_record
TN:
SF:apps/marketplace/src/modules/subscriptions/services/subscriptions.service.ts
FN:13,(anonymous_0)
FN:19,(anonymous_1)
FN:35,(anonymous_2)
FN:56,(anonymous_3)
FN:72,(anonymous_4)
FN:95,(anonymous_5)
FN:100,(anonymous_6)
FN:126,(anonymous_7)
FNF:8
FNH:4
FNDA:0,(anonymous_0)
FNDA:5,(anonymous_1)
FNDA:4,(anonymous_2)
FNDA:5,(anonymous_3)
FNDA:0,(anonymous_4)
FNDA:2,(anonymous_5)
FNDA:0,(anonymous_6)
FNDA:0,(anonymous_7)
DA:1,1
DA:4,1
DA:6,1
DA:8,1
DA:9,1
DA:10,1
DA:11,1
DA:13,1
DA:14,0
DA:15,0
DA:16,0
DA:19,1
DA:20,5
DA:22,5
DA:23,1
DA:32,4
DA:35,1
DA:36,4
DA:38,4
DA:39,2
DA:42,2
DA:43,1
DA:49,1
DA:55,1
DA:57,5
DA:58,4
DA:60,2
DA:62,2
DA:63,1
DA:69,1
DA:76,0
DA:77,0
DA:79,0
DA:80,0
DA:83,0
DA:85,0
DA:86,0
DA:92,0
DA:96,2
DA:97,2
DA:101,0
DA:103,0
DA:104,0
DA:107,0
DA:108,0
DA:114,0
DA:119,0
DA:120,0
DA:123,0
DA:127,0
DA:128,0
DA:134,0
DA:136,0
DA:137,0
DA:140,0
DA:141,0
DA:143,0
DA:147,0
LF:58
LH:29
BRDA:22,0,0,1
BRDA:38,1,0,2
BRDA:42,2,0,1
BRDA:62,3,0,1
BRDA:79,4,0,0
BRDA:85,5,0,0
BRDA:85,6,0,0
BRDA:85,6,1,0
BRDA:103,7,0,0
BRDA:107,8,0,0
BRDA:107,9,0,0
BRDA:107,9,1,0
BRDA:119,10,0,0
BRDA:127,11,0,0
BRDA:136,12,0,0
BRDA:143,13,0,0
BRDA:143,13,1,0
BRDA:143,14,0,0
BRDA:143,14,1,0
BRDA:143,14,2,0
BRDA:150,15,0,0
BRDA:150,15,1,0
BRF:22
BRH:4
end_of_record
TN:
SF:apps/web/src/contexts/AuthContext.tsx
FN:26,isRole
FN:32,decodeJwtPayload
FN:42,getUserIdFromJwt
FN:46,isJwtExpired
FN:55,getCachedProfile
FN:67,setCachedProfile
FN:71,clearCachedProfile
FN:75,buildSessionFromToken
FN:90,AuthProvider
FN:96,signOutSilently
FN:104,refreshProfile
FN:125,provisionAndLoad
FN:143,(anonymous_22)
FN:144,(anonymous_23)
FN:144,(anonymous_24)
FN:187,(anonymous_25)
FN:194,(anonymous_26)
FN:194,(anonymous_27)
FN:200,(anonymous_28)
FN:200,(anonymous_29)
FN:207,(anonymous_30)
FN:207,(anonymous_31)
FN:211,(anonymous_32)
FN:211,(anonymous_33)
FN:214,(anonymous_34)
FN:214,(anonymous_35)
FN:223,useAuth
FNF:27
FNH:16
FNDA:2,isRole
FNDA:0,decodeJwtPayload
FNDA:0,getUserIdFromJwt
FNDA:0,isJwtExpired
FNDA:0,getCachedProfile
FNDA:2,setCachedProfile
FNDA:7,clearCachedProfile
FNDA:0,buildSessionFromToken
FNDA:15,AuthProvider
FNDA:7,signOutSilently
FNDA:2,refreshProfile
FNDA:2,provisionAndLoad
FNDA:6,(anonymous_22)
FNDA:6,(anonymous_23)
FNDA:6,(anonymous_24)
FNDA:14,(anonymous_25)
FNDA:2,(anonymous_26)
FNDA:2,(anonymous_27)
FNDA:0,(anonymous_28)
FNDA:0,(anonymous_29)
FNDA:0,(anonymous_30)
FNDA:0,(anonymous_31)
FNDA:0,(anonymous_32)
FNDA:0,(anonymous_33)
FNDA:1,(anonymous_34)
FNDA:1,(anonymous_35)
FNDA:19,useAuth
DA:1,1
DA:2,1
DA:3,1
DA:5,1
DA:24,1
DA:27,2
DA:33,0
DA:34,0
DA:35,0
DA:36,0
DA:38,0
DA:43,0
DA:47,0
DA:48,0
DA:49,0
DA:52,1
DA:53,1
DA:56,0
DA:57,0
DA:58,0
DA:59,0
DA:60,0
DA:61,0
DA:63,0
DA:68,2
DA:72,7
DA:76,0
DA:77,0
DA:79,0
DA:90,1
DA:91,15
DA:92,15
DA:93,15
DA:94,15
DA:97,7
DA:98,7
DA:99,7
DA:100,7
DA:101,7
DA:105,2
DA:106,2
DA:107,2
DA:108,2
DA:109,2
DA:110,2
DA:111,2
DA:113,0
DA:114,0
DA:115,0
DA:117,0
DA:118,0
DA:120,0
DA:121,0
DA:126,2
DA:127,2
DA:128,2
DA:130,0
DA:133,2
DA:134,2
DA:135,0
DA:136,0
DA:137,0
DA:138,0
DA:139,0
DA:143,15
DA:144,6
DA:145,6
DA:146,6
DA:147,0
DA:150,6
DA:151,6
DA:154,6
DA:155,6
DA:156,6
DA:157,6
DA:160,0
DA:161,0
DA:162,0
DA:163,0
DA:164,0
DA:167,0
DA:169,0
DA:170,0
DA:171,0
DA:172,0
DA:175,0
DA:177,0
DA:178,0
DA:179,0
DA:180,0
DA:181,0
DA:187,15
DA:194,2
DA:195,2
DA:196,2
DA:197,2
DA:198,2
DA:200,0
DA:201,0
DA:202,0
DA:203,0
DA:204,0
DA:205,0
DA:207,0
DA:208,0
DA:209,0
DA:211,0
DA:212,0
DA:214,1
DA:215,1
DA:216,1
DA:220,15
DA:223,1
DA:224,19
DA:225,18
DA:226,14
LF:116
LH:56
BRDA:27,0,0,2
BRDA:27,0,1,0
BRDA:35,1,0,0
BRDA:43,2,0,0
BRDA:43,2,1,0
BRDA:43,3,0,0
BRDA:43,3,1,0
BRDA:43,4,0,0
BRDA:43,4,1,0
BRDA:43,5,0,0
BRDA:43,5,1,0
BRDA:47,6,0,0
BRDA:47,6,1,0
BRDA:47,7,0,0
BRDA:47,7,1,0
BRDA:48,8,0,0
BRDA:58,9,0,0
BRDA:60,10,0,0
BRDA:77,11,0,0
BRDA:77,12,0,0
BRDA:77,12,1,0
BRDA:77,13,0,0
BRDA:77,13,1,0
BRDA:84,14,0,0
BRDA:84,14,1,0
BRDA:85,15,0,0
BRDA:85,15,1,0
BRDA:107,16,0,0
BRDA:113,17,0,0
BRDA:113,18,0,0
BRDA:113,18,1,0
BRDA:113,18,2,0
BRDA:113,19,0,0
BRDA:113,19,1,0
BRDA:113,20,0,0
BRDA:113,20,1,0
BRDA:117,21,0,0
BRDA:117,22,0,0
BRDA:117,22,1,0
BRDA:117,23,0,0
BRDA:117,23,1,0
BRDA:120,24,0,0
BRDA:120,24,1,0
BRDA:126,25,0,2
BRDA:126,25,1,0
BRDA:126,26,0,2
BRDA:126,26,1,2
BRDA:126,27,0,2
BRDA:126,27,1,0
BRDA:126,28,0,2
BRDA:126,28,1,2
BRDA:126,29,0,0
BRDA:126,29,1,2
BRDA:126,30,0,2
BRDA:126,30,1,2
BRDA:126,31,0,0
BRDA:126,31,1,0
BRDA:126,32,0,0
BRDA:126,32,1,0
BRDA:130,33,0,0
BRDA:130,34,0,0
BRDA:130,34,1,0
BRDA:130,35,0,0
BRDA:130,35,1,0
BRDA:133,36,0,0
BRDA:133,36,1,2
BRDA:133,37,0,2
BRDA:133,37,1,2
BRDA:134,38,0,0
BRDA:135,39,0,0
BRDA:135,40,0,0
BRDA:135,40,1,0
BRDA:135,41,0,0
BRDA:135,41,1,0
BRDA:146,42,0,0
BRDA:146,43,0,6
BRDA:146,43,1,0
BRDA:150,44,0,6
BRDA:154,45,0,6
BRDA:161,46,0,0
BRDA:170,47,0,0
BRDA:170,48,0,0
BRDA:170,48,1,0
BRDA:170,49,0,0
BRDA:170,49,1,0
BRDA:170,50,0,0
BRDA:170,50,1,0
BRDA:178,51,0,0
BRDA:180,52,0,0
BRDA:188,53,0,2
BRDA:188,53,1,12
BRDA:188,54,0,14
BRDA:188,54,1,14
BRDA:188,55,0,12
BRDA:188,55,1,2
BRDA:188,56,0,14
BRDA:188,56,1,2
BRDA:208,57,0,0
BRDA:225,58,0,4
BRF:99
BRH:25
end_of_record
TN:
SF:apps/web/src/lib/api.ts
FN:12,(anonymous_7)
FN:21,isApiError
FN:52,normalizeApiBaseUrl
FN:59,isLikelyProtectedPreviewUrl
FN:63,getBaseUrl
FN:79,getAccessToken
FN:83,getRefreshToken
FN:87,setAccessToken
FN:91,setRefreshToken
FN:95,clearAccessToken
FN:99,clearRefreshToken
FN:103,clearAuthTokens
FN:108,refreshAccessToken
FN:114,(anonymous_23)
FN:114,(anonymous_24)
FN:123,(anonymous_25)
FN:143,apiRequest
FN:143,(anonymous_27)
FN:162,(anonymous_28)
FN:173,asQuery
FN:175,(anonymous_30)
FNF:21
FNH:1
FNDA:5,(anonymous_7)
FNDA:0,isApiError
FNDA:0,normalizeApiBaseUrl
FNDA:0,isLikelyProtectedPreviewUrl
FNDA:0,getBaseUrl
FNDA:0,getAccessToken
FNDA:0,getRefreshToken
FNDA:0,setAccessToken
FNDA:0,setRefreshToken
FNDA:0,clearAccessToken
FNDA:0,clearRefreshToken
FNDA:0,clearAuthTokens
FNDA:0,refreshAccessToken
FNDA:0,(anonymous_23)
FNDA:0,(anonymous_24)
FNDA:0,(anonymous_25)
FNDA:0,apiRequest
FNDA:0,(anonymous_27)
FNDA:0,(anonymous_28)
FNDA:0,asQuery
FNDA:0,(anonymous_30)
DA:7,1
DA:13,5
DA:14,5
DA:15,5
DA:16,5
DA:17,5
DA:22,0
DA:25,1
DA:31,1
DA:37,1
DA:43,1
DA:44,1
DA:45,1
DA:47,1
DA:48,1
DA:50,1
DA:53,0
DA:54,0
DA:55,0
DA:56,0
DA:60,0
DA:64,0
DA:65,0
DA:67,0
DA:68,0
DA:69,0
DA:70,0
DA:71,0
DA:74,0
DA:75,0
DA:76,0
DA:79,1
DA:80,0
DA:83,1
DA:84,0
DA:87,1
DA:88,0
DA:91,1
DA:92,0
DA:95,1
DA:96,0
DA:99,1
DA:100,0
DA:103,1
DA:104,0
DA:105,0
DA:108,1
DA:109,0
DA:111,0
DA:112,0
DA:114,0
DA:115,0
DA:116,0
DA:123,0
DA:124,0
DA:125,0
DA:126,0
DA:129,0
DA:130,0
DA:131,0
DA:133,0
DA:134,0
DA:136,0
DA:140,0
DA:143,1
DA:144,0
DA:145,0
DA:146,0
DA:147,0
DA:148,0
DA:149,0
DA:151,0
DA:154,0
DA:155,0
DA:156,0
DA:157,0
DA:158,0
DA:162,0
DA:164,0
DA:165,0
DA:166,0
DA:169,0
DA:170,0
DA:173,1
DA:174,0
DA:175,0
DA:176,0
DA:178,0
DA:179,0
LF:89
LH:25
BRDA:47,0,0,1
BRDA:47,0,1,1
BRDA:48,1,0,1
BRDA:48,1,1,1
BRDA:54,2,0,0
BRDA:55,3,0,0
BRDA:65,4,0,0
BRDA:65,4,1,0
BRDA:67,5,0,0
BRDA:68,6,0,0
BRDA:69,7,0,0
BRDA:70,8,0,0
BRDA:74,9,0,0
BRDA:75,10,0,0
BRDA:75,11,0,0
BRDA:75,11,1,0
BRDA:109,12,0,0
BRDA:112,13,0,0
BRDA:112,14,0,0
BRDA:112,14,1,0
BRDA:124,15,0,0
BRDA:124,16,0,0
BRDA:124,16,1,0
BRDA:124,17,0,0
BRDA:124,17,1,0
BRDA:124,18,0,0
BRDA:124,18,1,0
BRDA:130,19,0,0
BRDA:143,20,0,0
BRDA:145,21,0,0
BRDA:148,22,0,0
BRDA:148,23,0,0
BRDA:148,23,1,0
BRDA:149,24,0,0
BRDA:154,25,0,0
BRDA:154,26,0,0
BRDA:154,26,1,0
BRDA:156,27,0,0
BRDA:164,28,0,0
BRDA:164,29,0,0
BRDA:164,29,1,0
BRDA:165,30,0,0
BRDA:165,30,1,0
BRDA:165,31,0,0
BRDA:165,31,1,0
BRDA:165,32,0,0
BRDA:165,32,1,0
BRDA:165,33,0,0
BRDA:165,33,1,0
BRDA:165,34,0,0
BRDA:165,34,1,0
BRDA:165,35,0,0
BRDA:165,35,1,0
BRDA:166,36,0,0
BRDA:166,36,1,0
BRDA:166,37,0,0
BRDA:166,37,1,0
BRDA:166,38,0,0
BRDA:166,38,1,0
BRDA:166,39,0,0
BRDA:166,39,1,0
BRDA:169,40,0,0
BRDA:169,41,0,0
BRDA:169,41,1,0
BRDA:169,42,0,0
BRDA:169,42,1,0
BRDA:169,43,0,0
BRDA:169,43,1,0
BRDA:169,44,0,0
BRDA:169,44,1,0
BRDA:176,45,0,0
BRDA:176,46,0,0
BRDA:176,46,1,0
BRDA:176,46,2,0
BRDA:179,47,0,0
BRDA:179,47,1,0
BRF:76
BRH:4
end_of_record
TN:
SF:packages/shared/src/constants/http-status.ts
FNF:0
FNH:0
DA:1,3
LF:1
LH:1
BRF:0
BRH:0
end_of_record
TN:
SF:packages/shared/src/errors/app-error.ts
FN:16,(anonymous_0)
FNF:1
FNH:1
FNDA:7,(anonymous_0)
DA:1,2
DA:11,2
DA:17,7
DA:18,7
DA:19,7
DA:20,7
DA:21,7
LF:7
LH:7
BRDA:16,0,0,1
BRDA:19,1,0,7
BRDA:19,1,1,2
BRDA:20,2,0,7
BRDA:20,2,1,1
BRF:5
BRH:5
end_of_record
TN:
SF:packages/shared/src/errors/error-codes.ts
FNF:0
FNH:0
DA:1,3
LF:1
LH:1
BRF:0
BRH:0
end_of_record
TN:
SF:packages/shared/src/middleware/error-handler.ts
FN:10,(anonymous_0)
FNF:1
FNH:1
FNDA:6,(anonymous_0)
DA:3,1
DA:4,1
DA:5,1
DA:6,1
DA:10,1
DA:11,6
DA:12,6
DA:14,5
DA:15,3
DA:18,2
DA:19,2
DA:20,2
DA:22,2
LF:13
LH:13
BRDA:14,0,0,3
BRDA:18,1,0,2
BRDA:18,1,1,0
BRDA:19,2,0,2
BRDA:19,2,1,0
BRDA:25,3,0,0
BRDA:25,3,1,2
BRF:7
BRH:4
end_of_record
TN:
SF:packages/shared/src/responses/api-response.ts
FN:9,(anonymous_0)
FN:24,(anonymous_1)
FN:28,(anonymous_2)
FNF:3
FNH:3
FNDA:4,(anonymous_0)
FNDA:1,(anonymous_1)
FNDA:8,(anonymous_2)
DA:1,2
DA:3,2
DA:9,2
DA:14,4
DA:24,2
DA:25,1
DA:28,2
DA:34,8
LF:8
LH:8
BRDA:12,0,0,2
BRDA:32,1,0,1
BRF:2
BRH:2
end_of_record
